[     409ms] [ERROR] Failed to load resource: the server responded with a status of 500 (Internal Server Error) @ http://localhost:5175/api/voice/status:0
[     409ms] [ERROR] Failed to load resource: the server responded with a status of 500 (Internal Server Error) @ http://localhost:5175/socket.io/?EIO=4&transport=polling&t=e9b6i6i9:0
[     410ms] [ERROR] Failed to load resource: the server responded with a status of 500 (Internal Server Error) @ http://localhost:5175/api/model/status:0
[     410ms] [ERROR] Failed to load resource: the server responded with a status of 500 (Internal Server Error) @ http://localhost:5175/api/settings/branding:0
[     410ms] [WARNING] useAppStore: failed to fetch branding Error: Failed to fetch branding: 500
    at fetchSystemInfo (http://localhost:5175/src/stores/useAppStore.js:56:15) @ http://localhost:5175/src/stores/useAppStore.js:68
[     412ms] [ERROR] Failed to load resource: the server responded with a status of 500 (Internal Server Error) @ http://localhost:5175/socket.io/?EIO=4&transport=polling&t=e9b6kt2q:0
[     420ms] [ERROR] apiClient: handleResponse throwing error for http://localhost:5175/api/voice/status: HTTP error 500 - Internal Server Error {message: HTTP error 500 - Internal Server Error} @ http://localhost:5175/src/api/apiClient.js:56
[     420ms] [ERROR] Failed to get voice status: Error: HTTP error 500 - Internal Server Error
    at handleResponse (http://localhost:5175/src/api/apiClient.js:54:19)
    at async VoiceService.getStatus (http://localhost:5175/src/api/voiceService.js:37:14)
    at async initializeVoice (http://localhost:5175/src/contexts/VoiceContext.jsx:267:24) @ http://localhost:5175/src/api/voiceService.js:38
[     421ms] [ERROR] VoiceContext: Failed to initialize voice features: Error: HTTP error 500 - Internal Server Error
    at handleResponse (http://localhost:5175/src/api/apiClient.js:54:19)
    at async VoiceService.getStatus (http://localhost:5175/src/api/voiceService.js:37:14)
    at async initializeVoice (http://localhost:5175/src/contexts/VoiceContext.jsx:267:24) @ http://localhost:5175/src/contexts/VoiceContext.jsx:291
[     421ms] [ERROR] apiClient: handleResponse throwing error for http://localhost:5175/api/model/status: HTTP error 500 - Internal Server Error {message: HTTP error 500 - Internal Server Error} @ http://localhost:5175/src/api/apiClient.js:56
[     421ms] [ERROR] modelService: Error fetching model status: HTTP error 500 - Internal Server Error @ http://localhost:5175/src/api/modelService.js:81
[     421ms] [ERROR] StatusContext: Failed to fetch model status: Error: HTTP error 500 - Internal Server Error
    at handleResponse (http://localhost:5175/src/api/apiClient.js:54:19)
    at async getModelStatus (http://localhost:5175/src/api/modelService.js:77:18)
    at async http://localhost:5175/src/contexts/StatusContext.jsx:72:22
    at async Promise.all (index 1)
    at async initializeStatus (http://localhost:5175/src/contexts/StatusContext.jsx:88:7) @ http://localhost:5175/src/contexts/StatusContext.jsx:76
[     422ms] [ERROR] Failed to load resource: net::ERR_CONNECTION_REFUSED @ http://localhost:5002/api/model/:0
[     422ms] [ERROR] modelService: Error fetching current model: Failed to fetch @ http://localhost:5175/src/api/modelService.js:49
[     422ms] [ERROR] StatusContext: Failed to fetch model: TypeError: Failed to fetch
    at getCurrentModel (http://localhost:5175/src/api/modelService.js:28:28)
    at http://localhost:5175/src/contexts/StatusContext.jsx:42:29
    at initializeStatus (http://localhost:5175/src/contexts/StatusContext.jsx:88:26)
    at http://localhost:5175/src/contexts/StatusContext.jsx:90:5
    at commitHookEffectListMount (http://localhost:5175/node_modules/.vite/deps/chunk-NHL3PYFL.js?v=a622341a:16944:34)
    at commitPassiveMountOnFiber (http://localhost:5175/node_modules/.vite/deps/chunk-NHL3PYFL.js?v=a622341a:18192:19)
    at commitPassiveMountEffects_complete (http://localhost:5175/node_modules/.vite/deps/chunk-NHL3PYFL.js?v=a622341a:18165:17)
    at commitPassiveMountEffects_begin (http://localhost:5175/node_modules/.vite/deps/chunk-NHL3PYFL.js?v=a622341a:18155:15)
    at commitPassiveMountEffects (http://localhost:5175/node_modules/.vite/deps/chunk-NHL3PYFL.js?v=a622341a:18145:11)
    at flushPassiveEffectsImpl (http://localhost:5175/node_modules/.vite/deps/chunk-NHL3PYFL.js?v=a622341a:19526:11) @ http://localhost:5175/src/contexts/StatusContext.jsx:55
[     431ms] [ERROR] Failed to load resource: the server responded with a status of 500 (Internal Server Error) @ http://localhost:5175/api/model/list:0
[     431ms] [WARNING] Failed to fetch available models: Error: HTTP 500: Internal Server Error
    at getAvailableModels (http://localhost:5175/src/utils/modelUtils.js:25:13)
    at async updateVisionModelsCache (http://localhost:5175/src/utils/modelUtils.js:67:24)
    at async initializeModelCache (http://localhost:5175/src/utils/modelUtils.js:169:5)
    at async initModelCache (http://localhost:5175/src/App.jsx:178:9) @ http://localhost:5175/src/utils/modelUtils.js:29
[     431ms] [ERROR] Failed to load resource: the server responded with a status of 500 (Internal Server Error) @ http://localhost:5175/api/model/list:0
[     431ms] [WARNING] Failed to fetch available models: Error: HTTP 500: Internal Server Error
    at getAvailableModels (http://localhost:5175/src/utils/modelUtils.js:25:13)
    at async updateVisionModelsCache (http://localhost:5175/src/utils/modelUtils.js:67:24)
    at async initializeModelCache (http://localhost:5175/src/utils/modelUtils.js:169:5)
    at async initModelCache (http://localhost:5175/src/App.jsx:178:9) @ http://localhost:5175/src/utils/modelUtils.js:29
[     478ms] [ERROR] Failed to load resource: the server responded with a status of 500 (Internal Server Error) @ http://localhost:5175/api/files/browse?path=/&fields=light:0
[     479ms] [ERROR] Failed to load resource: the server responded with a status of 500 (Internal Server Error) @ http://localhost:5175/api/scheduler/queue/summary:0
[     479ms] [ERROR] TaskQueueIndicator: Failed to fetch queue summary: Error: HTTP 500
    at http://localhost:5175/src/components/layout/TaskQueueIndicator.jsx:66:15 @ http://localhost:5175/src/components/layout/TaskQueueIndicator.jsx:74
[     479ms] [ERROR] Failed to load resource: the server responded with a status of 500 (Internal Server Error) @ http://localhost:5175/api/files/browse?path=/&fields=light:0
[     479ms] [ERROR] Failed to load resource: the server responded with a status of 500 (Internal Server Error) @ http://localhost:5175/api/scheduler/queue/summary:0
[     479ms] [ERROR] TaskQueueIndicator: Failed to fetch queue summary: Error: HTTP 500
    at http://localhost:5175/src/components/layout/TaskQueueIndicator.jsx:66:15 @ http://localhost:5175/src/components/layout/TaskQueueIndicator.jsx:74
[    1289ms] [ERROR] Failed to load resource: the server responded with a status of 500 (Internal Server Error) @ http://localhost:5175/socket.io/?EIO=4&transport=polling&t=e9bv4rqv:0
[    2411ms] [ERROR] Failed to load resource: the server responded with a status of 500 (Internal Server Error) @ http://localhost:5175/socket.io/?EIO=4&transport=polling&t=e9cq9fvj:0
[    5419ms] [ERROR] Failed to load resource: the server responded with a status of 500 (Internal Server Error) @ http://localhost:5175/socket.io/?EIO=4&transport=polling&t=e9f1uvgv:0
[    8294ms] [ERROR] Failed to load resource: net::ERR_CONNECTION_REFUSED @ http://localhost:5175/:0
[    9295ms] [ERROR] Failed to load resource: net::ERR_CONNECTION_REFUSED @ http://localhost:5175/:0
[   10297ms] [ERROR] Failed to load resource: net::ERR_CONNECTION_REFUSED @ http://localhost:5175/:0
[   10420ms] [ERROR] Failed to load resource: net::ERR_CONNECTION_REFUSED @ http://localhost:5175/socket.io/?EIO=4&transport=polling&t=e9iwsidm:0
[   11297ms] [ERROR] Failed to load resource: net::ERR_CONNECTION_REFUSED @ http://localhost:5175/:0
[   12299ms] [ERROR] Failed to load resource: net::ERR_CONNECTION_REFUSED @ http://localhost:5175/:0
[   13300ms] [ERROR] Failed to load resource: net::ERR_CONNECTION_REFUSED @ http://localhost:5175/:0
[   14301ms] [ERROR] Failed to load resource: net::ERR_CONNECTION_REFUSED @ http://localhost:5175/:0
[   15302ms] [ERROR] Failed to load resource: net::ERR_CONNECTION_REFUSED @ http://localhost:5175/:0
[   15421ms] [ERROR] Failed to load resource: net::ERR_CONNECTION_REFUSED @ http://localhost:5175/socket.io/?EIO=4&transport=polling&t=e9mrpkbu:0
[   15470ms] [ERROR] Failed to load resource: net::ERR_CONNECTION_REFUSED @ http://localhost:5175/api/scheduler/queue/summary:0
[   15470ms] [ERROR] TaskQueueIndicator: Failed to fetch queue summary: TypeError: Failed to fetch
    at http://localhost:5175/src/components/layout/TaskQueueIndicator.jsx:64:30
    at http://localhost:5175/src/components/layout/TaskQueueIndicator.jsx:83:52 @ http://localhost:5175/src/components/layout/TaskQueueIndicator.jsx:74
[   16303ms] [ERROR] Failed to load resource: net::ERR_CONNECTION_REFUSED @ http://localhost:5175/:0
[   17304ms] [ERROR] Failed to load resource: net::ERR_CONNECTION_REFUSED @ http://localhost:5175/:0
[   18305ms] [ERROR] Failed to load resource: net::ERR_CONNECTION_REFUSED @ http://localhost:5175/:0
[   19306ms] [ERROR] Failed to load resource: net::ERR_CONNECTION_REFUSED @ http://localhost:5175/:0
[   20307ms] [ERROR] Failed to load resource: net::ERR_CONNECTION_REFUSED @ http://localhost:5175/:0
[   21308ms] [ERROR] Failed to load resource: net::ERR_CONNECTION_REFUSED @ http://localhost:5175/:0
[   22309ms] [ERROR] Failed to load resource: net::ERR_CONNECTION_REFUSED @ http://localhost:5175/:0
[   23310ms] [ERROR] Failed to load resource: net::ERR_CONNECTION_REFUSED @ http://localhost:5175/:0
[   24312ms] [ERROR] Failed to load resource: net::ERR_CONNECTION_REFUSED @ http://localhost:5175/:0
[   25313ms] [ERROR] Failed to load resource: net::ERR_CONNECTION_REFUSED @ http://localhost:5175/:0
[   26314ms] [ERROR] Failed to load resource: net::ERR_CONNECTION_REFUSED @ http://localhost:5175/:0
[   27315ms] [ERROR] Failed to load resource: net::ERR_CONNECTION_REFUSED @ http://localhost:5175/:0
