[     310ms] [ERROR] Failed to load resource: the server responded with a status of 500 (Internal Server Error) @ http://localhost:5175/api/uploads/system/profile-defaul-logo.png:0
[     317ms] [ERROR] Failed to load resource: the server responded with a status of 500 (Internal Server Error) @ http://localhost:5175/api/state/dashboard:0
[     317ms] [ERROR] Dashboard: Error fetching or processing state: Error: Failed to fetch dashboard state: Internal Server Error (Status: 500)
    at fetchDashboardState (http://localhost:5175/src/pages/DashboardPage.jsx:132:19) @ http://localhost:5175/src/pages/DashboardPage.jsx:184
[     317ms] [ERROR] Failed to load resource: the server responded with a status of 500 (Internal Server Error) @ http://localhost:5175/api/scheduler/queue/summary:0
[     317ms] [ERROR] TaskQueueIndicator: Failed to fetch queue summary: Error: HTTP 500
    at http://localhost:5175/src/components/layout/TaskQueueIndicator.jsx:66:15 @ http://localhost:5175/src/components/layout/TaskQueueIndicator.jsx:74
[     317ms] [ERROR] Failed to load resource: the server responded with a status of 500 (Internal Server Error) @ http://localhost:5175/api/voice/status:0
[     317ms] [ERROR] Failed to load resource: the server responded with a status of 500 (Internal Server Error) @ http://localhost:5175/socket.io/?EIO=4&transport=polling&t=y7fm277n:0
[     317ms] [ERROR] Failed to load resource: the server responded with a status of 500 (Internal Server Error) @ http://localhost:5175/api/model/status:0
[     318ms] [ERROR] Failed to load resource: the server responded with a status of 500 (Internal Server Error) @ http://localhost:5175/api/settings/branding:0
[     318ms] [WARNING] useAppStore: failed to fetch branding Error: Failed to fetch branding: 500
    at fetchSystemInfo (http://localhost:5175/src/stores/useAppStore.js:59:15) @ http://localhost:5175/src/stores/useAppStore.js:71
[     318ms] [ERROR] Failed to load resource: the server responded with a status of 500 (Internal Server Error) @ http://localhost:5175/api/scheduler/queue/summary:0
[     318ms] [ERROR] TaskQueueIndicator: Failed to fetch queue summary: Error: HTTP 500
    at http://localhost:5175/src/components/layout/TaskQueueIndicator.jsx:66:15 @ http://localhost:5175/src/components/layout/TaskQueueIndicator.jsx:74
[     318ms] [ERROR] Failed to load resource: the server responded with a status of 500 (Internal Server Error) @ http://localhost:5175/api/state/dashboard:0
[     318ms] [ERROR] Dashboard: Error fetching or processing state: Error: Failed to fetch dashboard state: Internal Server Error (Status: 500)
    at fetchDashboardState (http://localhost:5175/src/pages/DashboardPage.jsx:132:19) @ http://localhost:5175/src/pages/DashboardPage.jsx:184
[     318ms] [ERROR] Failed to load resource: the server responded with a status of 500 (Internal Server Error) @ http://localhost:5175/socket.io/?EIO=4&transport=polling&t=y7fm46k4:0
[     398ms] [ERROR] apiClient: handleResponse throwing error for http://localhost:5175/api/voice/status: HTTP error 500 - Internal Server Error {message: HTTP error 500 - Internal Server Error} @ http://localhost:5175/src/api/apiClient.js:57
[     398ms] [ERROR] Failed to get voice status: Error: HTTP error 500 - Internal Server Error
    at handleResponse (http://localhost:5175/src/api/apiClient.js:55:19)
    at async VoiceService.getStatus (http://localhost:5175/src/api/voiceService.js:37:14)
    at async initializeVoice (http://localhost:5175/src/contexts/VoiceContext.jsx:267:24) @ http://localhost:5175/src/api/voiceService.js:38
[     398ms] [ERROR] VoiceContext: Failed to initialize voice features: Error: HTTP error 500 - Internal Server Error
    at handleResponse (http://localhost:5175/src/api/apiClient.js:55:19)
    at async VoiceService.getStatus (http://localhost:5175/src/api/voiceService.js:37:14)
    at async initializeVoice (http://localhost:5175/src/contexts/VoiceContext.jsx:267:24) @ http://localhost:5175/src/contexts/VoiceContext.jsx:291
[     398ms] [ERROR] apiClient: handleResponse throwing error for http://localhost:5175/api/model/status: HTTP error 500 - Internal Server Error {message: HTTP error 500 - Internal Server Error} @ http://localhost:5175/src/api/apiClient.js:57
[     398ms] [ERROR] modelService: Error fetching model status: HTTP error 500 - Internal Server Error @ http://localhost:5175/src/api/modelService.js:81
[     398ms] [ERROR] StatusContext: Failed to fetch model status: Error: HTTP error 500 - Internal Server Error
    at handleResponse (http://localhost:5175/src/api/apiClient.js:55:19)
    at async getModelStatus (http://localhost:5175/src/api/modelService.js:77:18)
    at async http://localhost:5175/src/contexts/StatusContext.jsx:72:22
    at async Promise.all (index 1)
    at async initializeStatus (http://localhost:5175/src/contexts/StatusContext.jsx:88:7) @ http://localhost:5175/src/contexts/StatusContext.jsx:76
[     402ms] [ERROR] Failed to load resource: the server responded with a status of 500 (Internal Server Error) @ http://localhost:5175/api/state/dashboard:0
[     402ms] [ERROR] Failed to save dashboard state: Error: Failed to save dashboard state (500)
    at http://localhost:5175/src/pages/DashboardPage.jsx:212:17 @ http://localhost:5175/src/pages/DashboardPage.jsx:215
[     402ms] [ERROR] Failed to load resource: the server responded with a status of 500 (Internal Server Error) @ http://localhost:5175/api/projects:0
[     402ms] [ERROR] Failed to load resource: the server responded with a status of 500 (Internal Server Error) @ http://localhost:5175/api/tasks:0
[     402ms] [ERROR] Failed to load resource: the server responded with a status of 500 (Internal Server Error) @ http://localhost:5175/api/enhanced-chat/session_1772304599902/history?limit=50:0
[     402ms] [ERROR] Failed to load resource: the server responded with a status of 500 (Internal Server Error) @ http://localhost:5175/api/settings/rag_debug:0
[     402ms] [ERROR] Failed to load resource: the server responded with a status of 500 (Internal Server Error) @ http://localhost:5175/api/clients:0
[     402ms] [ERROR] Failed to load resource: the server responded with a status of 500 (Internal Server Error) @ http://localhost:5175/api/state/folders:0
[     403ms] [ERROR] Failed to load resource: the server responded with a status of 500 (Internal Server Error) @ http://localhost:5175/api/files/browse?path=%2F:0
[     403ms] [ERROR] Failed to load resource: the server responded with a status of 500 (Internal Server Error) @ http://localhost:5175/api/projects:0
[     404ms] [ERROR] Failed to load resource: the server responded with a status of 500 (Internal Server Error) @ http://localhost:5175/api/tasks:0
[     404ms] [ERROR] Failed to load resource: the server responded with a status of 500 (Internal Server Error) @ http://localhost:5175/api/enhanced-chat/session_1772304599902/history?limit=50:0
[     404ms] [ERROR] Failed to load resource: the server responded with a status of 500 (Internal Server Error) @ http://localhost:5175/api/settings/rag_debug:0
[     404ms] [ERROR] Failed to load resource: the server responded with a status of 500 (Internal Server Error) @ http://localhost:5175/api/clients:0
[     405ms] [ERROR] Failed to load resource: the server responded with a status of 500 (Internal Server Error) @ http://localhost:5175/api/state/folders:0
[     405ms] [ERROR] Failed to load resource: the server responded with a status of 500 (Internal Server Error) @ http://localhost:5175/api/files/browse?path=%2F:0
[     452ms] [ERROR] Failed to load resource: the server responded with a status of 500 (Internal Server Error) @ http://localhost:5175/api/model/list:0
[     452ms] [WARNING] Failed to fetch available models: Error: HTTP 500: Internal Server Error
    at getAvailableModels (http://localhost:5175/src/utils/modelUtils.js:25:13)
    at async updateVisionModelsCache (http://localhost:5175/src/utils/modelUtils.js:67:24)
    at async initializeModelCache (http://localhost:5175/src/utils/modelUtils.js:169:5)
    at async initModelCache (http://localhost:5175/src/App.jsx:180:9) @ http://localhost:5175/src/utils/modelUtils.js:29
[     452ms] [ERROR] Failed to load resource: the server responded with a status of 500 (Internal Server Error) @ http://localhost:5175/api/model/list:0
[     452ms] [WARNING] Failed to fetch available models: Error: HTTP 500: Internal Server Error
    at getAvailableModels (http://localhost:5175/src/utils/modelUtils.js:25:13)
    at async updateVisionModelsCache (http://localhost:5175/src/utils/modelUtils.js:67:24)
    at async initializeModelCache (http://localhost:5175/src/utils/modelUtils.js:169:5)
    at async initModelCache (http://localhost:5175/src/App.jsx:180:9) @ http://localhost:5175/src/utils/modelUtils.js:29
[     454ms] [ERROR] Failed to load resource: the server responded with a status of 500 (Internal Server Error) @ http://localhost:5175/api/state/dashboard:0
[     454ms] [ERROR] Failed to save dashboard state: Error: Failed to save dashboard state (500)
    at http://localhost:5175/src/pages/DashboardPage.jsx:212:17 @ http://localhost:5175/src/pages/DashboardPage.jsx:215
[     454ms] [ERROR] apiClient: handleResponse throwing error for http://localhost:5175/api/projects: HTTP error 500 - Internal Server Error {message: HTTP error 500 - Internal Server Error} @ http://localhost:5175/src/api/apiClient.js:57
[     454ms] [ERROR] projectService: Error getting projects: HTTP error 500 - Internal Server Error @ http://localhost:5175/src/api/projectService.js:15
[     454ms] [ERROR] ProjectManagerCard fetch error: Error: HTTP error 500 - Internal Server Error
    at http://localhost:5175/src/components/dashboard/ProjectManagerCard.jsx:55:19 @ http://localhost:5175/src/components/dashboard/ProjectManagerCard.jsx:58
[     455ms] [ERROR] apiClient: handleResponse throwing error for http://localhost:5175/api/tasks: HTTP error 500 - Internal Server Error {message: HTTP error 500 - Internal Server Error} @ http://localhost:5175/src/api/apiClient.js:57
[     455ms] [ERROR] taskService: Error getting tasks: HTTP error 500 - Internal Server Error @ http://localhost:5175/src/api/taskService.js:28
[     455ms] [ERROR] Error fetching tasks: Error: HTTP error 500 - Internal Server Error
    at http://localhost:5175/src/components/dashboard/TaskManagerCard.jsx:125:19 @ http://localhost:5175/src/components/dashboard/TaskManagerCard.jsx:133
[     455ms] [ERROR] apiClient: handleResponse throwing error for http://localhost:5175/api/enhanced-chat/session_1772304599902/history?limit=50: HTTP error 500 - Internal Server Error {message: HTTP error 500 - Internal Server Error} @ http://localhost:5175/src/api/apiClient.js:57
[     455ms] [ERROR] chatService: Error fetching chat history for session_1772304599902: HTTP error 500 - Internal Server Error @ http://localhost:5175/src/api/chatService.js:605
[     455ms] [ERROR] SemanticSearchCard: Failed to load chat history: Error: HTTP error 500 - Internal Server Error
    at handleResponse (http://localhost:5175/src/api/apiClient.js:55:19)
    at async getChatHistory (http://localhost:5175/src/api/chatService.js:582:17)
    at async http://localhost:5175/src/components/dashboard/SemanticSearchCard.jsx:125:27 @ http://localhost:5175/src/components/dashboard/SemanticSearchCard.jsx:131
[     455ms] [ERROR] apiClient: handleResponse throwing error for http://localhost:5175/api/settings/rag_debug: HTTP error 500 - Internal Server Error {message: HTTP error 500 - Internal Server Error} @ http://localhost:5175/src/api/apiClient.js:57
[     455ms] [ERROR] settingsService: Error getting RAG debug setting: HTTP error 500 - Internal Server Error @ http://localhost:5175/src/api/settingsService.js:382
[     455ms] [ERROR] apiClient: handleResponse throwing error for http://localhost:5175/api/clients: HTTP error 500 - Internal Server Error {message: HTTP error 500 - Internal Server Error} @ http://localhost:5175/src/api/apiClient.js:57
[     455ms] [ERROR] clientService: Error getting clients: HTTP error 500 - Internal Server Error @ http://localhost:5175/src/api/clientService.js:12
[     455ms] [ERROR] ClientsDashboardCard fetch error: Error: HTTP error 500 - Internal Server Error
    at http://localhost:5175/src/components/dashboard/ClientsDashboardCard.jsx:55:19 @ http://localhost:5175/src/components/dashboard/ClientsDashboardCard.jsx:58
[     455ms] [ERROR] apiClient: handleResponse throwing error for http://localhost:5175/api/projects: HTTP error 500 - Internal Server Error {message: HTTP error 500 - Internal Server Error} @ http://localhost:5175/src/api/apiClient.js:57
[     455ms] [ERROR] projectService: Error getting projects: HTTP error 500 - Internal Server Error @ http://localhost:5175/src/api/projectService.js:15
[     455ms] [ERROR] ProjectManagerCard fetch error: Error: HTTP error 500 - Internal Server Error
    at http://localhost:5175/src/components/dashboard/ProjectManagerCard.jsx:55:19 @ http://localhost:5175/src/components/dashboard/ProjectManagerCard.jsx:58
[     455ms] [ERROR] apiClient: handleResponse throwing error for http://localhost:5175/api/tasks: HTTP error 500 - Internal Server Error {message: HTTP error 500 - Internal Server Error} @ http://localhost:5175/src/api/apiClient.js:57
[     455ms] [ERROR] taskService: Error getting tasks: HTTP error 500 - Internal Server Error @ http://localhost:5175/src/api/taskService.js:28
[     455ms] [ERROR] Error fetching tasks: Error: HTTP error 500 - Internal Server Error
    at http://localhost:5175/src/components/dashboard/TaskManagerCard.jsx:125:19 @ http://localhost:5175/src/components/dashboard/TaskManagerCard.jsx:133
[     455ms] [ERROR] apiClient: handleResponse throwing error for http://localhost:5175/api/enhanced-chat/session_1772304599902/history?limit=50: HTTP error 500 - Internal Server Error {message: HTTP error 500 - Internal Server Error} @ http://localhost:5175/src/api/apiClient.js:57
[     455ms] [ERROR] chatService: Error fetching chat history for session_1772304599902: HTTP error 500 - Internal Server Error @ http://localhost:5175/src/api/chatService.js:605
[     455ms] [ERROR] SemanticSearchCard: Failed to load chat history: Error: HTTP error 500 - Internal Server Error
    at handleResponse (http://localhost:5175/src/api/apiClient.js:55:19)
    at async getChatHistory (http://localhost:5175/src/api/chatService.js:582:17)
    at async http://localhost:5175/src/components/dashboard/SemanticSearchCard.jsx:125:27 @ http://localhost:5175/src/components/dashboard/SemanticSearchCard.jsx:131
[     455ms] [ERROR] apiClient: handleResponse throwing error for http://localhost:5175/api/settings/rag_debug: HTTP error 500 - Internal Server Error {message: HTTP error 500 - Internal Server Error} @ http://localhost:5175/src/api/apiClient.js:57
[     455ms] [ERROR] settingsService: Error getting RAG debug setting: HTTP error 500 - Internal Server Error @ http://localhost:5175/src/api/settingsService.js:382
[     455ms] [ERROR] apiClient: handleResponse throwing error for http://localhost:5175/api/clients: HTTP error 500 - Internal Server Error {message: HTTP error 500 - Internal Server Error} @ http://localhost:5175/src/api/apiClient.js:57
[     455ms] [ERROR] clientService: Error getting clients: HTTP error 500 - Internal Server Error @ http://localhost:5175/src/api/clientService.js:12
[     455ms] [ERROR] ClientsDashboardCard fetch error: Error: HTTP error 500 - Internal Server Error
    at http://localhost:5175/src/components/dashboard/ClientsDashboardCard.jsx:55:19 @ http://localhost:5175/src/components/dashboard/ClientsDashboardCard.jsx:58
[    1861ms] [ERROR] Failed to load resource: the server responded with a status of 500 (Internal Server Error) @ http://localhost:5175/socket.io/?EIO=4&transport=polling&t=y7gtioo0:0
[    3394ms] [ERROR] Failed to load resource: the server responded with a status of 500 (Internal Server Error) @ http://localhost:5175/socket.io/?EIO=4&transport=polling&t=y7i036w2:0
[    6432ms] [ERROR] WebSocket connection to 'ws://localhost:5175/?token=_OUhz0BlOUzC' failed:  @ http://localhost:5175/@vite/client:268
[    7435ms] [ERROR] Failed to load resource: net::ERR_CONNECTION_REFUSED @ http://localhost:5175/:0
[    8395ms] [ERROR] Failed to load resource: net::ERR_CONNECTION_REFUSED @ http://localhost:5175/socket.io/?EIO=4&transport=polling&t=y7lv2fas:0
[    8437ms] [ERROR] Failed to load resource: net::ERR_CONNECTION_REFUSED @ http://localhost:5175/:0
[    9438ms] [ERROR] Failed to load resource: net::ERR_CONNECTION_REFUSED @ http://localhost:5175/:0
[   10439ms] [ERROR] Failed to load resource: net::ERR_CONNECTION_REFUSED @ http://localhost:5175/:0
[   11440ms] [ERROR] Failed to load resource: net::ERR_CONNECTION_REFUSED @ http://localhost:5175/:0
[   12442ms] [ERROR] Failed to load resource: net::ERR_CONNECTION_REFUSED @ http://localhost:5175/:0
[   13397ms] [ERROR] Failed to load resource: net::ERR_CONNECTION_REFUSED @ http://localhost:5175/socket.io/?EIO=4&transport=polling&t=y7ppzg3i:0
[   13442ms] [ERROR] Failed to load resource: net::ERR_CONNECTION_REFUSED @ http://localhost:5175/:0
[   14443ms] [ERROR] Failed to load resource: net::ERR_CONNECTION_REFUSED @ http://localhost:5175/:0
[   15299ms] [ERROR] Failed to load resource: net::ERR_CONNECTION_REFUSED @ http://localhost:5175/api/scheduler/queue/summary:0
[   15299ms] [ERROR] TaskQueueIndicator: Failed to fetch queue summary: TypeError: Failed to fetch
    at http://localhost:5175/src/components/layout/TaskQueueIndicator.jsx:64:30
    at http://localhost:5175/src/components/layout/TaskQueueIndicator.jsx:83:52 @ http://localhost:5175/src/components/layout/TaskQueueIndicator.jsx:74
[   15445ms] [ERROR] Failed to load resource: net::ERR_CONNECTION_REFUSED @ http://localhost:5175/:0
[   16446ms] [ERROR] Failed to load resource: net::ERR_CONNECTION_REFUSED @ http://localhost:5175/:0
[   17447ms] [ERROR] Failed to load resource: net::ERR_CONNECTION_REFUSED @ http://localhost:5175/:0
[   18398ms] [ERROR] Failed to load resource: net::ERR_CONNECTION_REFUSED @ http://localhost:5175/socket.io/?EIO=4&transport=polling&t=y7tkx9md:0
[   18448ms] [ERROR] Failed to load resource: net::ERR_CONNECTION_REFUSED @ http://localhost:5175/:0
[   19485ms] [ERROR] Failed to load resource: net::ERR_CONNECTION_REFUSED @ http://localhost:5175/:0
[   20486ms] [ERROR] Failed to load resource: net::ERR_CONNECTION_REFUSED @ http://localhost:5175/:0
[   21489ms] [ERROR] Failed to load resource: net::ERR_CONNECTION_REFUSED @ http://localhost:5175/:0
[   22490ms] [ERROR] Failed to load resource: net::ERR_CONNECTION_REFUSED @ http://localhost:5175/:0
[   23491ms] [ERROR] Failed to load resource: net::ERR_CONNECTION_REFUSED @ http://localhost:5175/:0
[   24492ms] [ERROR] Failed to load resource: net::ERR_CONNECTION_REFUSED @ http://localhost:5175/:0
[   25494ms] [ERROR] Failed to load resource: net::ERR_CONNECTION_REFUSED @ http://localhost:5175/:0
[   26495ms] [ERROR] Failed to load resource: net::ERR_CONNECTION_REFUSED @ http://localhost:5175/:0
[   28557ms] [ERROR] Failed to load resource: the server responded with a status of 404 (NOT FOUND) @ http://localhost:5175/api/state/folders:0
[   28631ms] [ERROR] Failed to load resource: the server responded with a status of 404 (NOT FOUND) @ http://localhost:5175/api/state/folders:0
