[     313ms] [WARNING] DUPLICATE PREVENTION: Reusing existing process: MQ2WEvFoGDef3oJxfOe_W @ http://localhost:5175/src/pages/ChatPage.jsx:85
[     347ms] [ERROR] Failed to load resource: the server responded with a status of 500 (Internal Server Error) @ http://localhost:5175/api/uploads/system/profile-defaul-logo.png:0
[     353ms] [ERROR] Failed to load resource: the server responded with a status of 500 (Internal Server Error) @ http://localhost:5175/api/enhanced-chat/session_1772867720614/history?limit=100:0
[     353ms] [ERROR] Failed to load resource: the server responded with a status of 500 (Internal Server Error) @ http://localhost:5175/api/scheduler/queue/summary:0
[     353ms] [ERROR] TaskQueueIndicator: Failed to fetch queue summary: Error: HTTP 500
    at http://localhost:5175/src/components/layout/TaskQueueIndicator.jsx:66:15 @ http://localhost:5175/src/components/layout/TaskQueueIndicator.jsx:74
[     353ms] [ERROR] Failed to load resource: the server responded with a status of 500 (Internal Server Error) @ http://localhost:5175/api/voice/status:0
[     353ms] [ERROR] Failed to load resource: the server responded with a status of 500 (Internal Server Error) @ http://localhost:5175/socket.io/?EIO=4&transport=polling&t=zqyjtkh9:0
[     353ms] [ERROR] Failed to load resource: the server responded with a status of 500 (Internal Server Error) @ http://localhost:5175/api/model/status:0
[     353ms] [ERROR] Failed to load resource: the server responded with a status of 500 (Internal Server Error) @ http://localhost:5175/api/settings/branding:0
[     353ms] [WARNING] useAppStore: failed to fetch branding Error: Failed to fetch branding: 500
    at fetchSystemInfo (http://localhost:5175/src/stores/useAppStore.js:59:15) @ http://localhost:5175/src/stores/useAppStore.js:71
[     354ms] [ERROR] Failed to load resource: the server responded with a status of 500 (Internal Server Error) @ http://localhost:5175/api/enhanced-chat/session_1772867720614/history?limit=100:0
[     354ms] [ERROR] Failed to load resource: the server responded with a status of 500 (Internal Server Error) @ http://localhost:5175/socket.io/?EIO=4&transport=polling&t=zqyjvzhz:0
[     354ms] [ERROR] Failed to load resource: the server responded with a status of 500 (Internal Server Error) @ http://localhost:5175/api/scheduler/queue/summary:0
[     354ms] [ERROR] TaskQueueIndicator: Failed to fetch queue summary: Error: HTTP 500
    at http://localhost:5175/src/components/layout/TaskQueueIndicator.jsx:66:15 @ http://localhost:5175/src/components/layout/TaskQueueIndicator.jsx:74
[     373ms] [ERROR] apiClient: handleResponse throwing error for http://localhost:5175/api/enhanced-chat/session_1772867720614/history?limit=100: HTTP error 500 - Internal Server Error {message: HTTP error 500 - Internal Server Error} @ http://localhost:5175/src/api/apiClient.js:57
[     373ms] [ERROR] chatService: Error fetching chat history for session_1772867720614: HTTP error 500 - Internal Server Error @ http://localhost:5175/src/api/chatService.js:605
[     373ms] [ERROR] ChatPage: Failed to load chat history: Error: HTTP error 500 - Internal Server Error
    at handleResponse (http://localhost:5175/src/api/apiClient.js:55:19)
    at async getChatHistory (http://localhost:5175/src/api/chatService.js:582:17)
    at async loadHistory (http://localhost:5175/src/pages/ChatPage.jsx:386:25) @ http://localhost:5175/src/pages/ChatPage.jsx:443
[     373ms] [ERROR] apiClient: handleResponse throwing error for http://localhost:5175/api/voice/status: HTTP error 500 - Internal Server Error {message: HTTP error 500 - Internal Server Error} @ http://localhost:5175/src/api/apiClient.js:57
[     373ms] [ERROR] Failed to get voice status: Error: HTTP error 500 - Internal Server Error
    at handleResponse (http://localhost:5175/src/api/apiClient.js:55:19)
    at async VoiceService.getStatus (http://localhost:5175/src/api/voiceService.js:37:14)
    at async initializeVoice (http://localhost:5175/src/contexts/VoiceContext.jsx:267:24) @ http://localhost:5175/src/api/voiceService.js:38
[     373ms] [ERROR] VoiceContext: Failed to initialize voice features: Error: HTTP error 500 - Internal Server Error
    at handleResponse (http://localhost:5175/src/api/apiClient.js:55:19)
    at async VoiceService.getStatus (http://localhost:5175/src/api/voiceService.js:37:14)
    at async initializeVoice (http://localhost:5175/src/contexts/VoiceContext.jsx:267:24) @ http://localhost:5175/src/contexts/VoiceContext.jsx:291
[     373ms] [ERROR] apiClient: handleResponse throwing error for http://localhost:5175/api/model/status: HTTP error 500 - Internal Server Error {message: HTTP error 500 - Internal Server Error} @ http://localhost:5175/src/api/apiClient.js:57
[     373ms] [ERROR] modelService: Error fetching model status: HTTP error 500 - Internal Server Error @ http://localhost:5175/src/api/modelService.js:81
[     373ms] [ERROR] StatusContext: Failed to fetch model status: Error: HTTP error 500 - Internal Server Error
    at handleResponse (http://localhost:5175/src/api/apiClient.js:55:19)
    at async getModelStatus (http://localhost:5175/src/api/modelService.js:77:18)
    at async http://localhost:5175/src/contexts/StatusContext.jsx:72:22
    at async Promise.all (index 1)
    at async initializeStatus (http://localhost:5175/src/contexts/StatusContext.jsx:88:7) @ http://localhost:5175/src/contexts/StatusContext.jsx:76
[     374ms] [ERROR] apiClient: handleResponse throwing error for http://localhost:5175/api/enhanced-chat/session_1772867720614/history?limit=100: HTTP error 500 - Internal Server Error {message: HTTP error 500 - Internal Server Error} @ http://localhost:5175/src/api/apiClient.js:57
[     374ms] [ERROR] chatService: Error fetching chat history for session_1772867720614: HTTP error 500 - Internal Server Error @ http://localhost:5175/src/api/chatService.js:605
[     374ms] [ERROR] ChatPage: Failed to load chat history: Error: HTTP error 500 - Internal Server Error
    at handleResponse (http://localhost:5175/src/api/apiClient.js:55:19)
    at async getChatHistory (http://localhost:5175/src/api/chatService.js:582:17)
    at async loadHistory (http://localhost:5175/src/pages/ChatPage.jsx:386:25) @ http://localhost:5175/src/pages/ChatPage.jsx:443
[     374ms] [ERROR] Access to fetch at 'http://localhost:5002/api/model/' (redirected from 'http://localhost:5175/api/model') from origin 'http://localhost:5175' has been blocked by CORS policy: No 'Access-Control-Allow-Origin' header is present on the requested resource. @ http://localhost:5175/chat:0
[     377ms] [ERROR] Failed to load resource: net::ERR_FAILED @ http://localhost:5002/api/model/:0
[     377ms] [ERROR] modelService: Error fetching current model: Failed to fetch @ http://localhost:5175/src/api/modelService.js:49
[     377ms] [ERROR] StatusContext: Failed to fetch model: TypeError: Failed to fetch
    at getCurrentModel (http://localhost:5175/src/api/modelService.js:28:28)
    at http://localhost:5175/src/contexts/StatusContext.jsx:42:29
    at initializeStatus (http://localhost:5175/src/contexts/StatusContext.jsx:88:26)
    at http://localhost:5175/src/contexts/StatusContext.jsx:90:5
    at commitHookEffectListMount (http://localhost:5175/node_modules/.vite/deps/chunk-NHL3PYFL.js?v=cd440200:16944:34)
    at commitPassiveMountOnFiber (http://localhost:5175/node_modules/.vite/deps/chunk-NHL3PYFL.js?v=cd440200:18192:19)
    at commitPassiveMountEffects_complete (http://localhost:5175/node_modules/.vite/deps/chunk-NHL3PYFL.js?v=cd440200:18165:17)
    at commitPassiveMountEffects_begin (http://localhost:5175/node_modules/.vite/deps/chunk-NHL3PYFL.js?v=cd440200:18155:15)
    at commitPassiveMountEffects (http://localhost:5175/node_modules/.vite/deps/chunk-NHL3PYFL.js?v=cd440200:18145:11)
    at flushPassiveEffectsImpl (http://localhost:5175/node_modules/.vite/deps/chunk-NHL3PYFL.js?v=cd440200:19526:11) @ http://localhost:5175/src/contexts/StatusContext.jsx:55
[     392ms] [ERROR] Failed to load resource: the server responded with a status of 500 (Internal Server Error) @ http://localhost:5175/api/model/list:0
[     392ms] [WARNING] Failed to fetch available models: Error: HTTP 500: Internal Server Error
    at getAvailableModels (http://localhost:5175/src/utils/modelUtils.js:25:13)
    at async updateVisionModelsCache (http://localhost:5175/src/utils/modelUtils.js:67:24)
    at async initializeModelCache (http://localhost:5175/src/utils/modelUtils.js:169:5)
    at async initModelCache (http://localhost:5175/src/App.jsx:180:9) @ http://localhost:5175/src/utils/modelUtils.js:29
[     392ms] [ERROR] Failed to load resource: the server responded with a status of 500 (Internal Server Error) @ http://localhost:5175/api/model/list:0
[     392ms] [WARNING] Failed to fetch available models: Error: HTTP 500: Internal Server Error
    at getAvailableModels (http://localhost:5175/src/utils/modelUtils.js:25:13)
    at async updateVisionModelsCache (http://localhost:5175/src/utils/modelUtils.js:67:24)
    at async initializeModelCache (http://localhost:5175/src/utils/modelUtils.js:169:5)
    at async initModelCache (http://localhost:5175/src/App.jsx:180:9) @ http://localhost:5175/src/utils/modelUtils.js:29
[    1767ms] [ERROR] Failed to load resource: the server responded with a status of 500 (Internal Server Error) @ http://localhost:5175/socket.io/?EIO=4&transport=polling&t=zqznnpck:0
[    4556ms] [ERROR] Failed to load resource: the server responded with a status of 500 (Internal Server Error) @ http://localhost:5175/socket.io/?EIO=4&transport=polling&t=zr1t3ixn:0
[    8092ms] [ERROR] Failed to load resource: the server responded with a status of 500 (Internal Server Error) @ http://localhost:5175/socket.io/?EIO=4&transport=polling&t=zr4jbg6e:0
