[     345ms] [ERROR] Access to fetch at 'http://localhost:5002/api/model/' (redirected from 'http://localhost:5175/api/model') from origin 'http://localhost:5175' has been blocked by CORS policy: No 'Access-Control-Allow-Origin' header is present on the requested resource. @ http://localhost:5175/:0
[     345ms] [ERROR] Failed to load resource: net::ERR_FAILED @ http://localhost:5002/api/model/:0
[     345ms] [ERROR] modelService: Error fetching current model: Failed to fetch @ http://localhost:5175/src/api/modelService.js:49
[     345ms] [ERROR] StatusContext: Failed to fetch model: TypeError: Failed to fetch
    at getCurrentModel (http://localhost:5175/src/api/modelService.js:28:28)
    at http://localhost:5175/src/contexts/StatusContext.jsx:42:29
    at initializeStatus (http://localhost:5175/src/contexts/StatusContext.jsx:88:26)
    at http://localhost:5175/src/contexts/StatusContext.jsx:90:5
    at commitHookEffectListMount (http://localhost:5175/node_modules/.vite/deps/chunk-NHL3PYFL.js?v=cd440200:16944:34)
    at commitPassiveMountOnFiber (http://localhost:5175/node_modules/.vite/deps/chunk-NHL3PYFL.js?v=cd440200:18192:19)
    at commitPassiveMountEffects_complete (http://localhost:5175/node_modules/.vite/deps/chunk-NHL3PYFL.js?v=cd440200:18165:17)
    at commitPassiveMountEffects_begin (http://localhost:5175/node_modules/.vite/deps/chunk-NHL3PYFL.js?v=cd440200:18155:15)
    at commitPassiveMountEffects (http://localhost:5175/node_modules/.vite/deps/chunk-NHL3PYFL.js?v=cd440200:18145:11)
    at flushPassiveEffectsImpl (http://localhost:5175/node_modules/.vite/deps/chunk-NHL3PYFL.js?v=cd440200:19526:11) @ http://localhost:5175/src/contexts/StatusContext.jsx:55
[     346ms] [ERROR] Failed to load resource: the server responded with a status of 400 (BAD REQUEST) @ http://localhost:5175/socket.io/?EIO=4&transport=polling&t=xjgtntc9&sid=WvYbwyQb2M1hdl8FAAAR:0
[     356ms] [WARNING] WebSocket connection to 'ws://localhost:5175/socket.io/?EIO=4&transport=websocket&sid=WvYbwyQb2M1hdl8FAAAR' failed: WebSocket is closed before the connection is established. @ http://localhost:5175/node_modules/.vite/deps/socket__io-client.js?v=cd440200:1104
[     421ms] [ERROR] WebSocket connection to 'ws://localhost:5175/socket.io/?EIO=4&transport=websocket&sid=WvYbwyQb2M1hdl8FAAAR' failed: Error during WebSocket handshake: Unexpected response code: 400 @ http://localhost:5175/node_modules/.vite/deps/socket__io-client.js?v=cd440200:1128
[     425ms] [ERROR] Failed to load resource: the server responded with a status of 400 (BAD REQUEST) @ http://localhost:5175/socket.io/?EIO=4&transport=polling&t=xjgugqab&sid=WvYbwyQb2M1hdl8FAAAR:0
[     429ms] [ERROR] Failed to load resource: the server responded with a status of 404 (NOT FOUND) @ http://localhost:5175/api/state/folders:0
[     430ms] [ERROR] Failed to load resource: the server responded with a status of 404 (NOT FOUND) @ http://localhost:5175/api/state/folders:0
[     466ms] [ERROR] Access to fetch at 'http://localhost:5002/api/websites/' (redirected from 'http://localhost:5175/api/websites') from origin 'http://localhost:5175' has been blocked by CORS policy: No 'Access-Control-Allow-Origin' header is present on the requested resource. @ http://localhost:5175/:0
[     466ms] [ERROR] Failed to load resource: net::ERR_FAILED @ http://localhost:5002/api/websites/:0
[     466ms] [ERROR] websiteService: Error getting websites: Failed to fetch @ http://localhost:5175/src/api/websiteService.js:15
[     466ms] [ERROR] WebsiteDataCard fetch error: Error: Failed to fetch
    at http://localhost:5175/src/components/dashboard/WebsiteDataCard.jsx:64:19 @ http://localhost:5175/src/components/dashboard/WebsiteDataCard.jsx:67
[     467ms] [ERROR] Access to fetch at 'http://localhost:5002/api/websites/' (redirected from 'http://localhost:5175/api/websites') from origin 'http://localhost:5175' has been blocked by CORS policy: No 'Access-Control-Allow-Origin' header is present on the requested resource. @ http://localhost:5175/:0
[     467ms] [ERROR] Failed to load resource: net::ERR_FAILED @ http://localhost:5002/api/websites/:0
[     467ms] [ERROR] websiteService: Error getting websites: Failed to fetch @ http://localhost:5175/src/api/websiteService.js:15
[     467ms] [ERROR] WebsiteDataCard fetch error: Error: Failed to fetch
    at http://localhost:5175/src/components/dashboard/WebsiteDataCard.jsx:64:19 @ http://localhost:5175/src/components/dashboard/WebsiteDataCard.jsx:67
[     925ms] [ERROR] Failed to load resource: the server responded with a status of 400 (BAD REQUEST) @ http://localhost:5175/socket.io/?EIO=4&transport=polling&t=xjha8mp7&sid=2pQNqRcrDfTEAVWfAAAS:0
[     925ms] [WARNING] WebSocket connection to 'ws://localhost:5175/socket.io/?EIO=4&transport=websocket&sid=2pQNqRcrDfTEAVWfAAAS' failed: WebSocket is closed before the connection is established. @ http://localhost:5175/node_modules/.vite/deps/socket__io-client.js?v=cd440200:1104
[     926ms] [ERROR] Failed to load resource: the server responded with a status of 400 (BAD REQUEST) @ http://localhost:5175/socket.io/?EIO=4&transport=polling&t=xjha90f5&sid=2pQNqRcrDfTEAVWfAAAS:0
[    1798ms] [ERROR] WebSocket connection to 'ws://localhost:5175/socket.io/?EIO=4&transport=websocket&sid=Ks9u7O54dDHbZg2jAAAT' failed: Error during WebSocket handshake: Unexpected response code: 400 @ http://localhost:5175/node_modules/.vite/deps/socket__io-client.js?v=cd440200:1128
[    1798ms] [ERROR] Failed to load resource: the server responded with a status of 400 (BAD REQUEST) @ http://localhost:5175/socket.io/?EIO=4&transport=polling&t=xjhygb32&sid=Ks9u7O54dDHbZg2jAAAT:0
[    1800ms] [ERROR] Failed to load resource: the server responded with a status of 400 (BAD REQUEST) @ http://localhost:5175/socket.io/?EIO=4&transport=polling&t=xjhyjfjl&sid=Ks9u7O54dDHbZg2jAAAT:0
[    3271ms] [ERROR] Failed to load resource: the server responded with a status of 400 (BAD REQUEST) @ http://localhost:5175/socket.io/?EIO=4&transport=polling&t=xjj3e5x3&sid=q5DnDg0tak7t8ql4AAAU:0
[    3272ms] [WARNING] WebSocket connection to 'ws://localhost:5175/socket.io/?EIO=4&transport=websocket&sid=q5DnDg0tak7t8ql4AAAU' failed: WebSocket is closed before the connection is established. @ http://localhost:5175/node_modules/.vite/deps/socket__io-client.js?v=cd440200:1104
[    3272ms] [ERROR] WebSocket connection to 'ws://localhost:5175/socket.io/?EIO=4&transport=websocket&sid=q5DnDg0tak7t8ql4AAAU' failed: Error during WebSocket handshake: Unexpected response code: 400 @ http://localhost:5175/node_modules/.vite/deps/socket__io-client.js?v=cd440200:1128
[    3273ms] [ERROR] Failed to load resource: the server responded with a status of 400 (BAD REQUEST) @ http://localhost:5175/socket.io/?EIO=4&transport=polling&t=xjj3gogg&sid=q5DnDg0tak7t8ql4AAAU:0
[    4040ms] [ERROR] Failed to load resource: the server responded with a status of 400 (BAD REQUEST) @ http://localhost:5175/socket.io/?EIO=4&transport=polling&t=xjjoryu1&sid=2P1an76cUOemJNvwAAAV:0
[    4041ms] [WARNING] WebSocket connection to 'ws://localhost:5175/socket.io/?EIO=4&transport=websocket&sid=2P1an76cUOemJNvwAAAV' failed: WebSocket is closed before the connection is established. @ http://localhost:5175/node_modules/.vite/deps/socket__io-client.js?v=cd440200:1104
[    4041ms] [ERROR] WebSocket connection to 'ws://localhost:5175/socket.io/?EIO=4&transport=websocket&sid=2P1an76cUOemJNvwAAAV' failed: Error during WebSocket handshake: Unexpected response code: 400 @ http://localhost:5175/node_modules/.vite/deps/socket__io-client.js?v=cd440200:1128
[    4042ms] [ERROR] Failed to load resource: the server responded with a status of 400 (BAD REQUEST) @ http://localhost:5175/socket.io/?EIO=4&transport=polling&t=xjjotjpn&sid=2P1an76cUOemJNvwAAAV:0
[    4836ms] [ERROR] Failed to load resource: the server responded with a status of 400 (BAD REQUEST) @ http://localhost:5175/socket.io/?EIO=4&transport=polling&t=xjkav46y&sid=esN-9eedZ8x-DnnRAAAW:0
[    4836ms] [ERROR] WebSocket connection to 'ws://localhost:5175/socket.io/?EIO=4&transport=websocket&sid=esN-9eedZ8x-DnnRAAAW' failed: Error during WebSocket handshake: Unexpected response code: 400 @ http://localhost:5175/node_modules/.vite/deps/socket__io-client.js?v=cd440200:1128
[    4837ms] [WARNING] WebSocket connection to 'ws://localhost:5175/socket.io/?EIO=4&transport=websocket&sid=esN-9eedZ8x-DnnRAAAW' failed: WebSocket is closed before the connection is established. @ http://localhost:5175/node_modules/.vite/deps/socket__io-client.js?v=cd440200:1104
[   11134ms] [WARNING] DUPLICATE PREVENTION: Reusing existing process: ocAEhVJSpg9IYRFNBxZ7- @ http://localhost:5175/src/pages/ChatPage.jsx?t=1772863209380:85
[   25304ms] [ERROR] Failed to load resource: the server responded with a status of 400 (BAD REQUEST) @ http://localhost:5175/socket.io/?EIO=4&transport=polling&t=xjkaxnfa&sid=esN-9eedZ8x-DnnRAAAW:0
[   25308ms] [ERROR] WebSocket connection to 'ws://localhost:5175/socket.io/?EIO=4&transport=websocket&sid=8bdPXt_FcCHPgGSoAAAd' failed: Error during WebSocket handshake: Unexpected response code: 400 @ http://localhost:5175/node_modules/.vite/deps/socket__io-client.js?v=cd440200:1128
[   25319ms] [ERROR] Failed to load resource: the server responded with a status of 400 (BAD REQUEST) @ http://localhost:5175/socket.io/?EIO=4&transport=polling&t=xk03icsj&sid=8bdPXt_FcCHPgGSoAAAd:0
[   25933ms] [ERROR] Failed to load resource: the server responded with a status of 400 (BAD REQUEST) @ http://localhost:5175/socket.io/?EIO=4&transport=polling&t=xk03wfat&sid=8bdPXt_FcCHPgGSoAAAd:0
[   26603ms] [ERROR] Failed to load resource: the server responded with a status of 400 (BAD REQUEST) @ http://localhost:5175/socket.io/?EIO=4&transport=polling&t=xk13ifyu&sid=kVZgiw2z9gZtsLhRAAAe:0
[   26604ms] [WARNING] WebSocket connection to 'ws://localhost:5175/socket.io/?EIO=4&transport=websocket&sid=kVZgiw2z9gZtsLhRAAAe' failed: WebSocket is closed before the connection is established. @ http://localhost:5175/node_modules/.vite/deps/socket__io-client.js?v=cd440200:1104
[   26604ms] [ERROR] WebSocket connection to 'ws://localhost:5175/socket.io/?EIO=4&transport=websocket&sid=kVZgiw2z9gZtsLhRAAAe' failed: Error during WebSocket handshake: Unexpected response code: 400 @ http://localhost:5175/node_modules/.vite/deps/socket__io-client.js?v=cd440200:1128
[   26798ms] [ERROR] Failed to load resource: the server responded with a status of 400 (BAD REQUEST) @ http://localhost:5175/socket.io/?EIO=4&transport=polling&t=xk13krq2&sid=kVZgiw2z9gZtsLhRAAAe:0
[   27603ms] [ERROR] Failed to load resource: the server responded with a status of 400 (BAD REQUEST) @ http://localhost:5175/socket.io/?EIO=4&transport=polling&t=xk1v8h79&sid=gScAdvnNkkBumjhSAAAf:0
[   27603ms] [WARNING] WebSocket connection to 'ws://localhost:5175/socket.io/?EIO=4&transport=websocket&sid=gScAdvnNkkBumjhSAAAf' failed: WebSocket is closed before the connection is established. @ http://localhost:5175/node_modules/.vite/deps/socket__io-client.js?v=cd440200:1104
[   27603ms] [ERROR] WebSocket connection to 'ws://localhost:5175/socket.io/?EIO=4&transport=websocket&sid=gScAdvnNkkBumjhSAAAf' failed: Error during WebSocket handshake: Unexpected response code: 400 @ http://localhost:5175/node_modules/.vite/deps/socket__io-client.js?v=cd440200:1128
[   28272ms] [ERROR] Failed to load resource: the server responded with a status of 400 (BAD REQUEST) @ http://localhost:5175/socket.io/?EIO=4&transport=polling&t=xk1vce7e&sid=gScAdvnNkkBumjhSAAAf:0
[   28859ms] [ERROR] Failed to load resource: the server responded with a status of 400 (BAD REQUEST) @ http://localhost:5175/socket.io/?EIO=4&transport=polling&t=xk2u5z7u&sid=MXsX2tKd2DdbHJTHAAAg:0
[   28859ms] [WARNING] WebSocket connection to 'ws://localhost:5175/socket.io/?EIO=4&transport=websocket&sid=MXsX2tKd2DdbHJTHAAAg' failed: WebSocket is closed before the connection is established. @ http://localhost:5175/node_modules/.vite/deps/socket__io-client.js?v=cd440200:1104
[   29041ms] [ERROR] Failed to load resource: the server responded with a status of 400 (BAD REQUEST) @ http://localhost:5175/socket.io/?EIO=4&transport=polling&t=xk2u7j34&sid=MXsX2tKd2DdbHJTHAAAg:0
[   29543ms] [ERROR] Failed to load resource: the server responded with a status of 400 (BAD REQUEST) @ http://localhost:5175/socket.io/?EIO=4&transport=polling&t=xk3d627d&sid=u0CMbNspuI5f_JD5AAAh:0
[   29544ms] [WARNING] WebSocket connection to 'ws://localhost:5175/socket.io/?EIO=4&transport=websocket&sid=u0CMbNspuI5f_JD5AAAh' failed: WebSocket is closed before the connection is established. @ http://localhost:5175/node_modules/.vite/deps/socket__io-client.js?v=cd440200:1104
[   29544ms] [ERROR] WebSocket connection to 'ws://localhost:5175/socket.io/?EIO=4&transport=websocket&sid=u0CMbNspuI5f_JD5AAAh' failed: Error during WebSocket handshake: Unexpected response code: 400 @ http://localhost:5175/node_modules/.vite/deps/socket__io-client.js?v=cd440200:1128
[   29836ms] [ERROR] Failed to load resource: the server responded with a status of 400 (BAD REQUEST) @ http://localhost:5175/socket.io/?EIO=4&transport=polling&t=xk3d81qt&sid=u0CMbNspuI5f_JD5AAAh:0
[   30739ms] [ERROR] Failed to load resource: the server responded with a status of 400 (BAD REQUEST) @ http://localhost:5175/socket.io/?EIO=4&transport=polling&t=xk4aetpb&sid=ycbfkU7Glluu-rvBAAAi:0
[   30740ms] [WARNING] WebSocket connection to 'ws://localhost:5175/socket.io/?EIO=4&transport=websocket&sid=ycbfkU7Glluu-rvBAAAi' failed: WebSocket is closed before the connection is established. @ http://localhost:5175/node_modules/.vite/deps/socket__io-client.js?v=cd440200:1104
[   30740ms] [ERROR] WebSocket connection to 'ws://localhost:5175/socket.io/?EIO=4&transport=websocket&sid=ycbfkU7Glluu-rvBAAAi' failed: Error during WebSocket handshake: Unexpected response code: 400 @ http://localhost:5175/node_modules/.vite/deps/socket__io-client.js?v=cd440200:1128
[   50308ms] [ERROR] Failed to load resource: the server responded with a status of 400 (BAD REQUEST) @ http://localhost:5175/socket.io/?EIO=4&transport=polling&t=xk4ag5mg&sid=ycbfkU7Glluu-rvBAAAi:0
[   50312ms] [ERROR] WebSocket connection to 'ws://localhost:5175/socket.io/?EIO=4&transport=websocket&sid=wAR_pagcHNrc7ug7AAAp' failed: Error during WebSocket handshake: Unexpected response code: 400 @ http://localhost:5175/node_modules/.vite/deps/socket__io-client.js?v=cd440200:1128
[   50317ms] [ERROR] Failed to load resource: the server responded with a status of 400 (BAD REQUEST) @ http://localhost:5175/socket.io/?EIO=4&transport=polling&t=xkje2va0&sid=wAR_pagcHNrc7ug7AAAp:0
[   51603ms] [ERROR] Failed to load resource: the server responded with a status of 400 (BAD REQUEST) @ http://localhost:5175/socket.io/?EIO=4&transport=polling&t=xkjeac32&sid=wAR_pagcHNrc7ug7AAAp:0
[   51607ms] [ERROR] Failed to load resource: the server responded with a status of 400 (BAD REQUEST) @ http://localhost:5175/socket.io/?EIO=4&transport=polling&t=xkke1s6v&sid=MTkNHNMNzEfCaIN1AAAq:0
[   51608ms] [WARNING] WebSocket connection to 'ws://localhost:5175/socket.io/?EIO=4&transport=websocket&sid=MTkNHNMNzEfCaIN1AAAq' failed: WebSocket is closed before the connection is established. @ http://localhost:5175/node_modules/.vite/deps/socket__io-client.js?v=cd440200:1104
[   52602ms] [ERROR] Failed to load resource: the server responded with a status of 400 (BAD REQUEST) @ http://localhost:5175/socket.io/?EIO=4&transport=polling&t=xkke4u1g&sid=MTkNHNMNzEfCaIN1AAAq:0
[   52606ms] [ERROR] Failed to load resource: the server responded with a status of 400 (BAD REQUEST) @ http://localhost:5175/socket.io/?EIO=4&transport=polling&t=xkl5s2ld&sid=d5-6jk0JXRkhxEKzAAAr:0
[   52606ms] [WARNING] WebSocket connection to 'ws://localhost:5175/socket.io/?EIO=4&transport=websocket&sid=d5-6jk0JXRkhxEKzAAAr' failed: WebSocket is closed before the connection is established. @ http://localhost:5175/node_modules/.vite/deps/socket__io-client.js?v=cd440200:1104
[   53859ms] [ERROR] Failed to load resource: the server responded with a status of 400 (BAD REQUEST) @ http://localhost:5175/socket.io/?EIO=4&transport=polling&t=xkl5urwh&sid=d5-6jk0JXRkhxEKzAAAr:0
[   53862ms] [ERROR] Failed to load resource: the server responded with a status of 400 (BAD REQUEST) @ http://localhost:5175/socket.io/?EIO=4&transport=polling&t=xkm4o8za&sid=sT2iK9q7Vrh4RpvnAAAs:0
[   53862ms] [WARNING] WebSocket connection to 'ws://localhost:5175/socket.io/?EIO=4&transport=websocket&sid=sT2iK9q7Vrh4RpvnAAAs' failed: WebSocket is closed before the connection is established. @ http://localhost:5175/node_modules/.vite/deps/socket__io-client.js?v=cd440200:1104
[   54543ms] [ERROR] Failed to load resource: the server responded with a status of 400 (BAD REQUEST) @ http://localhost:5175/socket.io/?EIO=4&transport=polling&t=xkm4r6en&sid=sT2iK9q7Vrh4RpvnAAAs:0
[   55335ms] [ERROR] Failed to load resource: the server responded with a status of 400 (BAD REQUEST) @ http://localhost:5175/socket.io/?EIO=4&transport=polling&t=xkn9mu89&sid=H7k1bRP6WyuHMJKgAAAt:0
[   55336ms] [WARNING] WebSocket connection to 'ws://localhost:5175/socket.io/?EIO=4&transport=websocket&sid=H7k1bRP6WyuHMJKgAAAt' failed: WebSocket is closed before the connection is established. @ http://localhost:5175/node_modules/.vite/deps/socket__io-client.js?v=cd440200:1104
[   55739ms] [ERROR] Failed to load resource: the server responded with a status of 400 (BAD REQUEST) @ http://localhost:5175/socket.io/?EIO=4&transport=polling&t=xkn9o3vo&sid=H7k1bRP6WyuHMJKgAAAt:0
[   56527ms] [ERROR] Failed to load resource: the server responded with a status of 400 (BAD REQUEST) @ http://localhost:5175/socket.io/?EIO=4&transport=polling&t=xko6qqoc&sid=XHmFiTLPiAl9t57EAAAu:0
[   56528ms] [WARNING] WebSocket connection to 'ws://localhost:5175/socket.io/?EIO=4&transport=websocket&sid=XHmFiTLPiAl9t57EAAAu' failed: WebSocket is closed before the connection is established. @ http://localhost:5175/node_modules/.vite/deps/socket__io-client.js?v=cd440200:1104
