[     262ms] [WARNING] STRICT MODE PROTECTION: Reusing recent process: Zi_2kcg1SuOttyMV3FD8n (age: 4s) @ http://localhost:5175/src/pages/ChatPage.jsx:93
[     262ms] [WARNING] STRICT MODE PROTECTION: Reusing recent process: Zi_2kcg1SuOttyMV3FD8n (age: 4s) @ http://localhost:5175/src/pages/ChatPage.jsx:93
[     340ms] [ERROR] Failed to load resource: the server responded with a status of 400 (BAD REQUEST) @ http://localhost:5175/socket.io/?EIO=4&transport=polling&t=zu52gc9k&sid=E50Fh9Es_hoCJo9iAAAF:0
[     366ms] [WARNING] WebSocket connection to 'ws://localhost:5175/socket.io/?EIO=4&transport=websocket&sid=E50Fh9Es_hoCJo9iAAAF' failed: WebSocket is closed before the connection is established. @ http://localhost:5175/node_modules/.vite/deps/socket__io-client.js?v=cd440200:1104
[     376ms] [ERROR] Failed to load resource: the server responded with a status of 400 (BAD REQUEST) @ http://localhost:5175/socket.io/?EIO=4&transport=polling&t=zu53jznt&sid=E50Fh9Es_hoCJo9iAAAF:0
[    1523ms] [ERROR] Failed to load resource: the server responded with a status of 400 (BAD REQUEST) @ http://localhost:5175/socket.io/?EIO=4&transport=polling&t=zu5zns42&sid=MxkG5Toyl1FU-MEzAAAG:0
[    1524ms] [WARNING] WebSocket connection to 'ws://localhost:5175/socket.io/?EIO=4&transport=websocket&sid=MxkG5Toyl1FU-MEzAAAG' failed: WebSocket is closed before the connection is established. @ http://localhost:5175/node_modules/.vite/deps/socket__io-client.js?v=cd440200:1104
[    1524ms] [ERROR] WebSocket connection to 'ws://localhost:5175/socket.io/?EIO=4&transport=websocket&sid=MxkG5Toyl1FU-MEzAAAG' failed: Error during WebSocket handshake: Unexpected response code: 400 @ http://localhost:5175/node_modules/.vite/deps/socket__io-client.js?v=cd440200:1128
[    1525ms] [ERROR] Failed to load resource: the server responded with a status of 400 (BAD REQUEST) @ http://localhost:5175/socket.io/?EIO=4&transport=polling&t=zu5zpqy0&sid=MxkG5Toyl1FU-MEzAAAG:0
[    2295ms] [ERROR] Failed to load resource: the server responded with a status of 400 (BAD REQUEST) @ http://localhost:5175/socket.io/?EIO=4&transport=polling&t=zu6l3luk&sid=juwck97735wKUf1dAAAH:0
[    2296ms] [WARNING] WebSocket connection to 'ws://localhost:5175/socket.io/?EIO=4&transport=websocket&sid=juwck97735wKUf1dAAAH' failed: WebSocket is closed before the connection is established. @ http://localhost:5175/node_modules/.vite/deps/socket__io-client.js?v=cd440200:1104
[    2296ms] [ERROR] WebSocket connection to 'ws://localhost:5175/socket.io/?EIO=4&transport=websocket&sid=juwck97735wKUf1dAAAH' failed: Error during WebSocket handshake: Unexpected response code: 400 @ http://localhost:5175/node_modules/.vite/deps/socket__io-client.js?v=cd440200:1128
[    2297ms] [ERROR] Failed to load resource: the server responded with a status of 400 (BAD REQUEST) @ http://localhost:5175/socket.io/?EIO=4&transport=polling&t=zu6l57qi&sid=juwck97735wKUf1dAAAH:0
[    2969ms] [ERROR] Failed to load resource: the server responded with a status of 400 (BAD REQUEST) @ http://localhost:5175/socket.io/?EIO=4&transport=polling&t=zu73sqts&sid=U9Qk7L33uIo58HqnAAAI:0
[    2969ms] [WARNING] WebSocket connection to 'ws://localhost:5175/socket.io/?EIO=4&transport=websocket&sid=U9Qk7L33uIo58HqnAAAI' failed: WebSocket is closed before the connection is established. @ http://localhost:5175/node_modules/.vite/deps/socket__io-client.js?v=cd440200:1104
[    2969ms] [ERROR] WebSocket connection to 'ws://localhost:5175/socket.io/?EIO=4&transport=websocket&sid=U9Qk7L33uIo58HqnAAAI' failed: Error during WebSocket handshake: Unexpected response code: 400 @ http://localhost:5175/node_modules/.vite/deps/socket__io-client.js?v=cd440200:1128
[    2970ms] [ERROR] Failed to load resource: the server responded with a status of 400 (BAD REQUEST) @ http://localhost:5175/socket.io/?EIO=4&transport=polling&t=zu73uue6&sid=U9Qk7L33uIo58HqnAAAI:0
[    4132ms] [ERROR] Failed to load resource: the server responded with a status of 400 (BAD REQUEST) @ http://localhost:5175/socket.io/?EIO=4&transport=polling&t=zu803853&sid=6Iumu2cgUwRos3_VAAAJ:0
[    4132ms] [WARNING] WebSocket connection to 'ws://localhost:5175/socket.io/?EIO=4&transport=websocket&sid=6Iumu2cgUwRos3_VAAAJ' failed: WebSocket is closed before the connection is established. @ http://localhost:5175/node_modules/.vite/deps/socket__io-client.js?v=cd440200:1104
[    4132ms] [ERROR] WebSocket connection to 'ws://localhost:5175/socket.io/?EIO=4&transport=websocket&sid=6Iumu2cgUwRos3_VAAAJ' failed: Error during WebSocket handshake: Unexpected response code: 400 @ http://localhost:5175/node_modules/.vite/deps/socket__io-client.js?v=cd440200:1128
[    4134ms] [ERROR] Failed to load resource: the server responded with a status of 400 (BAD REQUEST) @ http://localhost:5175/socket.io/?EIO=4&transport=polling&t=zu8066oa&sid=6Iumu2cgUwRos3_VAAAJ:0
[    4701ms] [ERROR] Failed to load resource: the server responded with a status of 400 (BAD REQUEST) @ http://localhost:5175/socket.io/?EIO=4&transport=polling&t=zu8fwiv2&sid=95be1Wg7uvvA_EtCAAAK:0
[    4702ms] [WARNING] WebSocket connection to 'ws://localhost:5175/socket.io/?EIO=4&transport=websocket&sid=95be1Wg7uvvA_EtCAAAK' failed: WebSocket is closed before the connection is established. @ http://localhost:5175/node_modules/.vite/deps/socket__io-client.js?v=cd440200:1104
[    4702ms] [ERROR] WebSocket connection to 'ws://localhost:5175/socket.io/?EIO=4&transport=websocket&sid=95be1Wg7uvvA_EtCAAAK' failed: Error during WebSocket handshake: Unexpected response code: 400 @ http://localhost:5175/node_modules/.vite/deps/socket__io-client.js?v=cd440200:1128
[   23498ms] [ERROR] Failed to load resource: net::ERR_CONNECTION_REFUSED @ http://localhost:5175/socket.io/?EIO=4&transport=polling&t=zu8fzp3x&sid=95be1Wg7uvvA_EtCAAAK:0
[   23498ms] [ERROR] Failed to load resource: net::ERR_EMPTY_RESPONSE @ http://localhost:5175/socket.io/?EIO=4&transport=polling&t=zu52hohq&sid=E50Fh9Es_hoCJo9iAAAF:0
[   23498ms] [ERROR] Failed to load resource: net::ERR_EMPTY_RESPONSE @ http://localhost:5175/socket.io/?EIO=4&transport=polling&t=zu5znfod&sid=MxkG5Toyl1FU-MEzAAAG:0
[   23498ms] [ERROR] Failed to load resource: net::ERR_EMPTY_RESPONSE @ http://localhost:5175/socket.io/?EIO=4&transport=polling&t=zu6l370o&sid=juwck97735wKUf1dAAAH:0
[   23498ms] [ERROR] Failed to load resource: net::ERR_EMPTY_RESPONSE @ http://localhost:5175/socket.io/?EIO=4&transport=polling&t=zu73sf44&sid=U9Qk7L33uIo58HqnAAAI:0
[   23498ms] [ERROR] Failed to load resource: net::ERR_EMPTY_RESPONSE @ http://localhost:5175/socket.io/?EIO=4&transport=polling&t=zu803c2a&sid=6Iumu2cgUwRos3_VAAAJ:0
[   23498ms] [ERROR] Failed to load resource: net::ERR_EMPTY_RESPONSE @ http://localhost:5175/socket.io/?EIO=4&transport=polling&t=zu8fxlh1&sid=95be1Wg7uvvA_EtCAAAK:0
[   23498ms] [ERROR] Failed to load resource: net::ERR_CONNECTION_REFUSED @ http://localhost:5175/socket.io/?EIO=4&transport=polling&t=zu9a2r4q:0
[   23499ms] [ERROR] Failed to load resource: net::ERR_CONNECTION_REFUSED @ http://localhost:5175/api/scheduler/queue/summary:0
[   23499ms] [ERROR] TaskQueueIndicator: Failed to fetch queue summary: TypeError: Failed to fetch
    at http://localhost:5175/src/components/layout/TaskQueueIndicator.jsx:64:30
    at http://localhost:5175/src/components/layout/TaskQueueIndicator.jsx:83:52 @ http://localhost:5175/src/components/layout/TaskQueueIndicator.jsx:74
[   23499ms] [ERROR] Failed to load resource: net::ERR_CONNECTION_REFUSED @ http://localhost:5175/:0
[   24500ms] [ERROR] Failed to load resource: net::ERR_CONNECTION_REFUSED @ http://localhost:5175/:0
[   25501ms] [ERROR] Failed to load resource: net::ERR_CONNECTION_REFUSED @ http://localhost:5175/:0
[   26094ms] [ERROR] Failed to load resource: net::ERR_CONNECTION_REFUSED @ http://localhost:5175/socket.io/?EIO=4&transport=polling&t=zuoy7dgt:0
[   26502ms] [ERROR] Failed to load resource: net::ERR_CONNECTION_REFUSED @ http://localhost:5175/:0
[   27504ms] [ERROR] Failed to load resource: net::ERR_CONNECTION_REFUSED @ http://localhost:5175/:0
[   28505ms] [ERROR] Failed to load resource: net::ERR_CONNECTION_REFUSED @ http://localhost:5175/:0
[   29123ms] [ERROR] Failed to load resource: net::ERR_CONNECTION_REFUSED @ http://localhost:5175/socket.io/?EIO=4&transport=polling&t=zurabkeg:0
[   29506ms] [ERROR] Failed to load resource: net::ERR_CONNECTION_REFUSED @ http://localhost:5175/:0
[   30285ms] [ERROR] Failed to load resource: net::ERR_CONNECTION_REFUSED @ http://localhost:5175/api/scheduler/queue/summary:0
[   30285ms] [ERROR] TaskQueueIndicator: Failed to fetch queue summary: TypeError: Failed to fetch
    at http://localhost:5175/src/components/layout/TaskQueueIndicator.jsx:64:30
    at http://localhost:5175/src/components/layout/TaskQueueIndicator.jsx:83:52 @ http://localhost:5175/src/components/layout/TaskQueueIndicator.jsx:74
[   30507ms] [ERROR] Failed to load resource: net::ERR_CONNECTION_REFUSED @ http://localhost:5175/:0
[   31508ms] [ERROR] Failed to load resource: net::ERR_CONNECTION_REFUSED @ http://localhost:5175/:0
[   32509ms] [ERROR] Failed to load resource: net::ERR_CONNECTION_REFUSED @ http://localhost:5175/:0
[   33510ms] [ERROR] Failed to load resource: net::ERR_CONNECTION_REFUSED @ http://localhost:5175/:0
[   34124ms] [ERROR] Failed to load resource: net::ERR_CONNECTION_REFUSED @ http://localhost:5175/socket.io/?EIO=4&transport=polling&t=zuv59vw2:0
[   34511ms] [ERROR] Failed to load resource: net::ERR_CONNECTION_REFUSED @ http://localhost:5175/:0
