[     462ms] [ERROR] Failed to load resource: the server responded with a status of 404 (NOT FOUND) @ http://localhost:5175/api/state/images-windows:0
[     472ms] [ERROR] Failed to load resource: the server responded with a status of 404 (NOT FOUND) @ http://localhost:5175/api/state/images-windows:0
[   24460ms] [ERROR] Failed to load resource: the server responded with a status of 404 (NOT FOUND) @ http://localhost:5175/api/state/images-windows:0
[   24461ms] [ERROR] Failed to load resource: the server responded with a status of 404 (NOT FOUND) @ http://localhost:5175/api/state/images-windows:0
[   24461ms] [ERROR] Failed to load resource: the server responded with a status of 404 (NOT FOUND) @ http://localhost:5175/api/state/images-windows:0
[   24461ms] [ERROR] Failed to load resource: the server responded with a status of 404 (NOT FOUND) @ http://localhost:5175/api/state/images-windows:0
[   24461ms] [ERROR] Failed to load resource: the server responded with a status of 404 (NOT FOUND) @ http://localhost:5175/api/state/images-windows:0
[   42843ms] [ERROR] Failed to load resource: the server responded with a status of 404 (NOT FOUND) @ http://localhost:5175/api/state/images-windows:0
[   42843ms] [ERROR] Failed to load resource: the server responded with a status of 404 (NOT FOUND) @ http://localhost:5175/api/state/images-windows:0
[   42843ms] [ERROR] Failed to load resource: the server responded with a status of 404 (NOT FOUND) @ http://localhost:5175/api/state/images-windows:0
[   42844ms] [ERROR] Failed to load resource: the server responded with a status of 404 (NOT FOUND) @ http://localhost:5175/api/state/images-windows:0
[   84460ms] [ERROR] WebSocket connection to 'ws://localhost:5175/socket.io/?EIO=4&transport=websocket' failed: Connection closed before receiving a handshake response @ http://localhost:5175/node_modules/.vite/deps/socket__io-client.js?v=a622341a:1128
[   87254ms] [ERROR] Failed to load resource: the server responded with a status of 500 (Internal Server Error) @ http://localhost:5175/socket.io/?EIO=4&transport=polling&t=hacnn27o:0
[   88134ms] [ERROR] Failed to load resource: net::ERR_CONNECTION_REFUSED @ http://localhost:5175/:0
[   89135ms] [ERROR] Failed to load resource: net::ERR_CONNECTION_REFUSED @ http://localhost:5175/:0
[   90137ms] [ERROR] Failed to load resource: net::ERR_CONNECTION_REFUSED @ http://localhost:5175/:0
[   90444ms] [ERROR] Failed to load resource: net::ERR_CONNECTION_REFUSED @ http://localhost:5175/api/scheduler/queue/summary:0
[   90444ms] [ERROR] TaskQueueIndicator: Failed to fetch queue summary: TypeError: Failed to fetch
    at http://localhost:5175/src/components/layout/TaskQueueIndicator.jsx:64:30
    at http://localhost:5175/src/components/layout/TaskQueueIndicator.jsx:83:52 @ http://localhost:5175/src/components/layout/TaskQueueIndicator.jsx:74
[   91138ms] [ERROR] Failed to load resource: net::ERR_CONNECTION_REFUSED @ http://localhost:5175/:0
[   92020ms] [ERROR] Failed to load resource: net::ERR_CONNECTION_REFUSED @ http://localhost:5175/socket.io/?EIO=4&transport=polling&t=hagc39pk:0
[   92139ms] [ERROR] Failed to load resource: net::ERR_CONNECTION_REFUSED @ http://localhost:5175/:0
[   93140ms] [ERROR] Failed to load resource: net::ERR_CONNECTION_REFUSED @ http://localhost:5175/:0
[   94141ms] [ERROR] Failed to load resource: net::ERR_CONNECTION_REFUSED @ http://localhost:5175/:0
[   95142ms] [ERROR] Failed to load resource: net::ERR_CONNECTION_REFUSED @ http://localhost:5175/:0
[   96143ms] [ERROR] Failed to load resource: net::ERR_CONNECTION_REFUSED @ http://localhost:5175/:0
[   97022ms] [ERROR] Failed to load resource: net::ERR_CONNECTION_REFUSED @ http://localhost:5175/socket.io/?EIO=4&transport=polling&t=hak710ru:0
[   97144ms] [ERROR] Failed to load resource: net::ERR_CONNECTION_REFUSED @ http://localhost:5175/:0
[   98145ms] [ERROR] Failed to load resource: net::ERR_CONNECTION_REFUSED @ http://localhost:5175/:0
[   99146ms] [ERROR] Failed to load resource: net::ERR_CONNECTION_REFUSED @ http://localhost:5175/:0
[  100147ms] [ERROR] Failed to load resource: net::ERR_CONNECTION_REFUSED @ http://localhost:5175/:0
[  101148ms] [ERROR] Failed to load resource: net::ERR_CONNECTION_REFUSED @ http://localhost:5175/:0
[  102025ms] [ERROR] Failed to load resource: net::ERR_CONNECTION_REFUSED @ http://localhost:5175/socket.io/?EIO=4&transport=polling&t=hao1zmar:0
[  102149ms] [ERROR] Failed to load resource: net::ERR_CONNECTION_REFUSED @ http://localhost:5175/:0
[  103150ms] [ERROR] Failed to load resource: net::ERR_CONNECTION_REFUSED @ http://localhost:5175/:0
[  104151ms] [ERROR] Failed to load resource: net::ERR_CONNECTION_REFUSED @ http://localhost:5175/:0
[  105152ms] [ERROR] Failed to load resource: net::ERR_CONNECTION_REFUSED @ http://localhost:5175/:0
[  105444ms] [ERROR] Failed to load resource: net::ERR_CONNECTION_REFUSED @ http://localhost:5175/api/scheduler/queue/summary:0
[  105444ms] [ERROR] TaskQueueIndicator: Failed to fetch queue summary: TypeError: Failed to fetch
    at http://localhost:5175/src/components/layout/TaskQueueIndicator.jsx:64:30
    at http://localhost:5175/src/components/layout/TaskQueueIndicator.jsx:83:52 @ http://localhost:5175/src/components/layout/TaskQueueIndicator.jsx:74
[  106153ms] [ERROR] Failed to load resource: net::ERR_CONNECTION_REFUSED @ http://localhost:5175/:0
[  107154ms] [ERROR] Failed to load resource: net::ERR_CONNECTION_REFUSED @ http://localhost:5175/:0
[  108156ms] [ERROR] Failed to load resource: net::ERR_CONNECTION_REFUSED @ http://localhost:5175/:0
[  109157ms] [ERROR] Failed to load resource: net::ERR_CONNECTION_REFUSED @ http://localhost:5175/:0
[  110158ms] [ERROR] Failed to load resource: net::ERR_CONNECTION_REFUSED @ http://localhost:5175/:0
[  112176ms] [ERROR] Failed to load resource: the server responded with a status of 404 (NOT FOUND) @ http://localhost:5175/api/state/images-windows:0
[  112186ms] [ERROR] Failed to load resource: the server responded with a status of 404 (NOT FOUND) @ http://localhost:5175/api/state/images-windows:0
