[     474ms] [ERROR] Warning: Encountered two children with the same key, `%s`. Keys should be unique so that components maintain their identity across updates. Non-unique keys may cause children to be duplicated and/or omitted — the behavior is unsupported and could change in a future version.%s window-4 
    at div
    at http://localhost:5175/node_modules/.vite/deps/chunk-DDWCRPED.js?v=a622341a:3702:49
    at Box3 (http://localhost:5175/node_modules/.vite/deps/chunk-2IQD2QLW.js?v=a622341a:762:19)
    at div
    at http://localhost:5175/node_modules/.vite/deps/chunk-DDWCRPED.js?v=a622341a:3702:49
    at Box3 (http://localhost:5175/node_modules/.vite/deps/chunk-2IQD2QLW.js?v=a622341a:762:19)
    at div
    at http://localhost:5175/node_modules/.vite/deps/chunk-DDWCRPED.js?v=a622341a:3702:49
    at Box3 (http://localhost:5175/node_modules/.vite/deps/chunk-2IQD2QLW.js?v=a622341a:762:19)
    at div
    at http://localhost:5175/node_modules/.vite/deps/chunk-DDWCRPED.js?v=a622341a:3702:49
    at Box3 (http://localhost:5175/node_modules/.vite/deps/chunk-2IQD2QLW.js?v=a622341a:762:19)
    at div
    at http://localhost:5175/node_modules/.vite/deps/chunk-DDWCRPED.js?v=a622341a:3702:49
    at Box3 (http://localhost:5175/node_modules/.vite/deps/chunk-2IQD2QLW.js?v=a622341a:762:19)
    at PageLayout (http://localhost:5175/src/components/layout/PageLayout.jsx:32:3)
    at ImagesPage (http://localhost:5175/src/pages/ImagesPage.jsx?t=1772326351767:77:28)
    at ErrorBoundary (http://localhost:5175/src/components/common/ErrorBoundary.jsx:17:5)
    at div
    at http://localhost:5175/node_modules/.vite/deps/chunk-DDWCRPED.js?v=a622341a:3702:49
    at Box3 (http://localhost:5175/node_modules/.vite/deps/chunk-2IQD2QLW.js?v=a622341a:762:19)
    at main
    at http://localhost:5175/node_modules/.vite/deps/chunk-DDWCRPED.js?v=a622341a:3702:49
    at Box3 (http://localhost:5175/node_modules/.vite/deps/chunk-2IQD2QLW.js?v=a622341a:762:19)
    at div
    at http://localhost:5175/node_modules/.vite/deps/chunk-DDWCRPED.js?v=a622341a:3702:49
    at Box3 (http://localhost:5175/node_modules/.vite/deps/chunk-2IQD2QLW.js?v=a622341a:762:19)
    at AppLayout (http://localhost:5175/src/App.jsx:90:22)
    at RenderedRoute (http://localhost:5175/node_modules/.vite/deps/react-router-dom.js?v=a622341a:4154:5)
    at Routes (http://localhost:5175/node_modules/.vite/deps/react-router-dom.js?v=a622341a:4625:5)
    at Suspense
    at ErrorProvider (http://localhost:5175/src/components/common/ErrorProvider.jsx:29:33)
    at SnackbarProvider (http://localhost:5175/src/components/common/SnackbarProvider.jsx:21:36)
    at VoiceProvider (http://localhost:5175/src/contexts/VoiceContext.jsx:33:33)
    at LayoutProvider (http://localhost:5175/src/contexts/LayoutContext.jsx:60:34)
    at UnifiedProgressProvider (http://localhost:5175/src/contexts/UnifiedProgressContext.jsx:91:43)
    at Router (http://localhost:5175/node_modules/.vite/deps/react-router-dom.js?v=a622341a:4568:15)
    at BrowserRouter (http://localhost:5175/node_modules/.vite/deps/react-router-dom.js?v=a622341a:5317:5)
    at StatusProvider (http://localhost:5175/src/contexts/StatusContext.jsx:28:34)
    at DefaultPropsProvider (http://localhost:5175/node_modules/.vite/deps/chunk-DDWCRPED.js?v=a622341a:9373:3)
    at RtlProvider (http://localhost:5175/node_modules/.vite/deps/chunk-2IQD2QLW.js?v=a622341a:1180:5)
    at ThemeProvider (http://localhost:5175/node_modules/.vite/deps/chunk-2IQD2QLW.js?v=a622341a:1128:5)
    at ThemeProvider2 (http://localhost:5175/node_modules/.vite/deps/chunk-2IQD2QLW.js?v=a622341a:1272:5)
    at ThemeProvider (http://localhost:5175/node_modules/.vite/deps/chunk-RHXIQJG6.js?v=a622341a:313:12)
    at AppContainer (http://localhost:5175/src/App.jsx:169:21)
    at ErrorBoundary (http://localhost:5175/src/components/common/ErrorBoundary.jsx:17:5)
    at App @ http://localhost:5175/node_modules/.vite/deps/chunk-NHL3PYFL.js?v=a622341a:528
[     483ms] [ERROR] Warning: Encountered two children with the same key, `%s`. Keys should be unique so that components maintain their identity across updates. Non-unique keys may cause children to be duplicated and/or omitted — the behavior is unsupported and could change in a future version.%s window-4 
    at div
    at http://localhost:5175/node_modules/.vite/deps/chunk-DDWCRPED.js?v=a622341a:3702:49
    at Box3 (http://localhost:5175/node_modules/.vite/deps/chunk-2IQD2QLW.js?v=a622341a:762:19)
    at div
    at http://localhost:5175/node_modules/.vite/deps/chunk-DDWCRPED.js?v=a622341a:3702:49
    at Box3 (http://localhost:5175/node_modules/.vite/deps/chunk-2IQD2QLW.js?v=a622341a:762:19)
    at div
    at http://localhost:5175/node_modules/.vite/deps/chunk-DDWCRPED.js?v=a622341a:3702:49
    at Box3 (http://localhost:5175/node_modules/.vite/deps/chunk-2IQD2QLW.js?v=a622341a:762:19)
    at div
    at http://localhost:5175/node_modules/.vite/deps/chunk-DDWCRPED.js?v=a622341a:3702:49
    at Box3 (http://localhost:5175/node_modules/.vite/deps/chunk-2IQD2QLW.js?v=a622341a:762:19)
    at div
    at http://localhost:5175/node_modules/.vite/deps/chunk-DDWCRPED.js?v=a622341a:3702:49
    at Box3 (http://localhost:5175/node_modules/.vite/deps/chunk-2IQD2QLW.js?v=a622341a:762:19)
    at PageLayout (http://localhost:5175/src/components/layout/PageLayout.jsx:32:3)
    at ImagesPage (http://localhost:5175/src/pages/ImagesPage.jsx?t=1772326351767:77:28)
    at ErrorBoundary (http://localhost:5175/src/components/common/ErrorBoundary.jsx:17:5)
    at div
    at http://localhost:5175/node_modules/.vite/deps/chunk-DDWCRPED.js?v=a622341a:3702:49
    at Box3 (http://localhost:5175/node_modules/.vite/deps/chunk-2IQD2QLW.js?v=a622341a:762:19)
    at main
    at http://localhost:5175/node_modules/.vite/deps/chunk-DDWCRPED.js?v=a622341a:3702:49
    at Box3 (http://localhost:5175/node_modules/.vite/deps/chunk-2IQD2QLW.js?v=a622341a:762:19)
    at div
    at http://localhost:5175/node_modules/.vite/deps/chunk-DDWCRPED.js?v=a622341a:3702:49
    at Box3 (http://localhost:5175/node_modules/.vite/deps/chunk-2IQD2QLW.js?v=a622341a:762:19)
    at AppLayout (http://localhost:5175/src/App.jsx:90:22)
    at RenderedRoute (http://localhost:5175/node_modules/.vite/deps/react-router-dom.js?v=a622341a:4154:5)
    at Routes (http://localhost:5175/node_modules/.vite/deps/react-router-dom.js?v=a622341a:4625:5)
    at Suspense
    at ErrorProvider (http://localhost:5175/src/components/common/ErrorProvider.jsx:29:33)
    at SnackbarProvider (http://localhost:5175/src/components/common/SnackbarProvider.jsx:21:36)
    at VoiceProvider (http://localhost:5175/src/contexts/VoiceContext.jsx:33:33)
    at LayoutProvider (http://localhost:5175/src/contexts/LayoutContext.jsx:60:34)
    at UnifiedProgressProvider (http://localhost:5175/src/contexts/UnifiedProgressContext.jsx:91:43)
    at Router (http://localhost:5175/node_modules/.vite/deps/react-router-dom.js?v=a622341a:4568:15)
    at BrowserRouter (http://localhost:5175/node_modules/.vite/deps/react-router-dom.js?v=a622341a:5317:5)
    at StatusProvider (http://localhost:5175/src/contexts/StatusContext.jsx:28:34)
    at DefaultPropsProvider (http://localhost:5175/node_modules/.vite/deps/chunk-DDWCRPED.js?v=a622341a:9373:3)
    at RtlProvider (http://localhost:5175/node_modules/.vite/deps/chunk-2IQD2QLW.js?v=a622341a:1180:5)
    at ThemeProvider (http://localhost:5175/node_modules/.vite/deps/chunk-2IQD2QLW.js?v=a622341a:1128:5)
    at ThemeProvider2 (http://localhost:5175/node_modules/.vite/deps/chunk-2IQD2QLW.js?v=a622341a:1272:5)
    at ThemeProvider (http://localhost:5175/node_modules/.vite/deps/chunk-RHXIQJG6.js?v=a622341a:313:12)
    at AppContainer (http://localhost:5175/src/App.jsx:169:21)
    at ErrorBoundary (http://localhost:5175/src/components/common/ErrorBoundary.jsx:17:5)
    at App @ http://localhost:5175/node_modules/.vite/deps/chunk-NHL3PYFL.js?v=a622341a:528
[   20245ms] [ERROR] Warning: Encountered two children with the same key, `%s`. Keys should be unique so that components maintain their identity across updates. Non-unique keys may cause children to be duplicated and/or omitted — the behavior is unsupported and could change in a future version.%s window-4 
    at div
    at http://localhost:5175/node_modules/.vite/deps/chunk-DDWCRPED.js?v=a622341a:3702:49
    at Box3 (http://localhost:5175/node_modules/.vite/deps/chunk-2IQD2QLW.js?v=a622341a:762:19)
    at div
    at http://localhost:5175/node_modules/.vite/deps/chunk-DDWCRPED.js?v=a622341a:3702:49
    at Box3 (http://localhost:5175/node_modules/.vite/deps/chunk-2IQD2QLW.js?v=a622341a:762:19)
    at div
    at http://localhost:5175/node_modules/.vite/deps/chunk-DDWCRPED.js?v=a622341a:3702:49
    at Box3 (http://localhost:5175/node_modules/.vite/deps/chunk-2IQD2QLW.js?v=a622341a:762:19)
    at div
    at http://localhost:5175/node_modules/.vite/deps/chunk-DDWCRPED.js?v=a622341a:3702:49
    at Box3 (http://localhost:5175/node_modules/.vite/deps/chunk-2IQD2QLW.js?v=a622341a:762:19)
    at div
    at http://localhost:5175/node_modules/.vite/deps/chunk-DDWCRPED.js?v=a622341a:3702:49
    at Box3 (http://localhost:5175/node_modules/.vite/deps/chunk-2IQD2QLW.js?v=a622341a:762:19)
    at PageLayout (http://localhost:5175/src/components/layout/PageLayout.jsx:32:3)
    at ImagesPage (http://localhost:5175/src/pages/ImagesPage.jsx?t=1772326351767:77:28)
    at ErrorBoundary (http://localhost:5175/src/components/common/ErrorBoundary.jsx:17:5)
    at div
    at http://localhost:5175/node_modules/.vite/deps/chunk-DDWCRPED.js?v=a622341a:3702:49
    at Box3 (http://localhost:5175/node_modules/.vite/deps/chunk-2IQD2QLW.js?v=a622341a:762:19)
    at main
    at http://localhost:5175/node_modules/.vite/deps/chunk-DDWCRPED.js?v=a622341a:3702:49
    at Box3 (http://localhost:5175/node_modules/.vite/deps/chunk-2IQD2QLW.js?v=a622341a:762:19)
    at div
    at http://localhost:5175/node_modules/.vite/deps/chunk-DDWCRPED.js?v=a622341a:3702:49
    at Box3 (http://localhost:5175/node_modules/.vite/deps/chunk-2IQD2QLW.js?v=a622341a:762:19)
    at AppLayout (http://localhost:5175/src/App.jsx:90:22)
    at RenderedRoute (http://localhost:5175/node_modules/.vite/deps/react-router-dom.js?v=a622341a:4154:5)
    at Routes (http://localhost:5175/node_modules/.vite/deps/react-router-dom.js?v=a622341a:4625:5)
    at Suspense
    at ErrorProvider (http://localhost:5175/src/components/common/ErrorProvider.jsx:29:33)
    at SnackbarProvider (http://localhost:5175/src/components/common/SnackbarProvider.jsx:21:36)
    at VoiceProvider (http://localhost:5175/src/contexts/VoiceContext.jsx:33:33)
    at LayoutProvider (http://localhost:5175/src/contexts/LayoutContext.jsx:60:34)
    at UnifiedProgressProvider (http://localhost:5175/src/contexts/UnifiedProgressContext.jsx:91:43)
    at Router (http://localhost:5175/node_modules/.vite/deps/react-router-dom.js?v=a622341a:4568:15)
    at BrowserRouter (http://localhost:5175/node_modules/.vite/deps/react-router-dom.js?v=a622341a:5317:5)
    at StatusProvider (http://localhost:5175/src/contexts/StatusContext.jsx:28:34)
    at DefaultPropsProvider (http://localhost:5175/node_modules/.vite/deps/chunk-DDWCRPED.js?v=a622341a:9373:3)
    at RtlProvider (http://localhost:5175/node_modules/.vite/deps/chunk-2IQD2QLW.js?v=a622341a:1180:5)
    at ThemeProvider (http://localhost:5175/node_modules/.vite/deps/chunk-2IQD2QLW.js?v=a622341a:1128:5)
    at ThemeProvider2 (http://localhost:5175/node_modules/.vite/deps/chunk-2IQD2QLW.js?v=a622341a:1272:5)
    at ThemeProvider (http://localhost:5175/node_modules/.vite/deps/chunk-RHXIQJG6.js?v=a622341a:313:12)
    at AppContainer (http://localhost:5175/src/App.jsx:169:21)
    at ErrorBoundary (http://localhost:5175/src/components/common/ErrorBoundary.jsx:17:5)
    at App @ http://localhost:5175/node_modules/.vite/deps/chunk-NHL3PYFL.js?v=a622341a:528
[   20257ms] [ERROR] Warning: Encountered two children with the same key, `%s`. Keys should be unique so that components maintain their identity across updates. Non-unique keys may cause children to be duplicated and/or omitted — the behavior is unsupported and could change in a future version.%s window-4 
    at div
    at http://localhost:5175/node_modules/.vite/deps/chunk-DDWCRPED.js?v=a622341a:3702:49
    at Box3 (http://localhost:5175/node_modules/.vite/deps/chunk-2IQD2QLW.js?v=a622341a:762:19)
    at div
    at http://localhost:5175/node_modules/.vite/deps/chunk-DDWCRPED.js?v=a622341a:3702:49
    at Box3 (http://localhost:5175/node_modules/.vite/deps/chunk-2IQD2QLW.js?v=a622341a:762:19)
    at div
    at http://localhost:5175/node_modules/.vite/deps/chunk-DDWCRPED.js?v=a622341a:3702:49
    at Box3 (http://localhost:5175/node_modules/.vite/deps/chunk-2IQD2QLW.js?v=a622341a:762:19)
    at div
    at http://localhost:5175/node_modules/.vite/deps/chunk-DDWCRPED.js?v=a622341a:3702:49
    at Box3 (http://localhost:5175/node_modules/.vite/deps/chunk-2IQD2QLW.js?v=a622341a:762:19)
    at div
    at http://localhost:5175/node_modules/.vite/deps/chunk-DDWCRPED.js?v=a622341a:3702:49
    at Box3 (http://localhost:5175/node_modules/.vite/deps/chunk-2IQD2QLW.js?v=a622341a:762:19)
    at PageLayout (http://localhost:5175/src/components/layout/PageLayout.jsx:32:3)
    at ImagesPage (http://localhost:5175/src/pages/ImagesPage.jsx?t=1772326351767:77:28)
    at ErrorBoundary (http://localhost:5175/src/components/common/ErrorBoundary.jsx:17:5)
    at div
    at http://localhost:5175/node_modules/.vite/deps/chunk-DDWCRPED.js?v=a622341a:3702:49
    at Box3 (http://localhost:5175/node_modules/.vite/deps/chunk-2IQD2QLW.js?v=a622341a:762:19)
    at main
    at http://localhost:5175/node_modules/.vite/deps/chunk-DDWCRPED.js?v=a622341a:3702:49
    at Box3 (http://localhost:5175/node_modules/.vite/deps/chunk-2IQD2QLW.js?v=a622341a:762:19)
    at div
    at http://localhost:5175/node_modules/.vite/deps/chunk-DDWCRPED.js?v=a622341a:3702:49
    at Box3 (http://localhost:5175/node_modules/.vite/deps/chunk-2IQD2QLW.js?v=a622341a:762:19)
    at AppLayout (http://localhost:5175/src/App.jsx:90:22)
    at RenderedRoute (http://localhost:5175/node_modules/.vite/deps/react-router-dom.js?v=a622341a:4154:5)
    at Routes (http://localhost:5175/node_modules/.vite/deps/react-router-dom.js?v=a622341a:4625:5)
    at Suspense
    at ErrorProvider (http://localhost:5175/src/components/common/ErrorProvider.jsx:29:33)
    at SnackbarProvider (http://localhost:5175/src/components/common/SnackbarProvider.jsx:21:36)
    at VoiceProvider (http://localhost:5175/src/contexts/VoiceContext.jsx:33:33)
    at LayoutProvider (http://localhost:5175/src/contexts/LayoutContext.jsx:60:34)
    at UnifiedProgressProvider (http://localhost:5175/src/contexts/UnifiedProgressContext.jsx:91:43)
    at Router (http://localhost:5175/node_modules/.vite/deps/react-router-dom.js?v=a622341a:4568:15)
    at BrowserRouter (http://localhost:5175/node_modules/.vite/deps/react-router-dom.js?v=a622341a:5317:5)
    at StatusProvider (http://localhost:5175/src/contexts/StatusContext.jsx:28:34)
    at DefaultPropsProvider (http://localhost:5175/node_modules/.vite/deps/chunk-DDWCRPED.js?v=a622341a:9373:3)
    at RtlProvider (http://localhost:5175/node_modules/.vite/deps/chunk-2IQD2QLW.js?v=a622341a:1180:5)
    at ThemeProvider (http://localhost:5175/node_modules/.vite/deps/chunk-2IQD2QLW.js?v=a622341a:1128:5)
    at ThemeProvider2 (http://localhost:5175/node_modules/.vite/deps/chunk-2IQD2QLW.js?v=a622341a:1272:5)
    at ThemeProvider (http://localhost:5175/node_modules/.vite/deps/chunk-RHXIQJG6.js?v=a622341a:313:12)
    at AppContainer (http://localhost:5175/src/App.jsx:169:21)
    at ErrorBoundary (http://localhost:5175/src/components/common/ErrorBoundary.jsx:17:5)
    at App @ http://localhost:5175/node_modules/.vite/deps/chunk-NHL3PYFL.js?v=a622341a:528
[   36473ms] [ERROR] Warning: Encountered two children with the same key, `%s`. Keys should be unique so that components maintain their identity across updates. Non-unique keys may cause children to be duplicated and/or omitted — the behavior is unsupported and could change in a future version.%s window-4 
    at div
    at http://localhost:5175/node_modules/.vite/deps/chunk-DDWCRPED.js?v=a622341a:3702:49
    at Box3 (http://localhost:5175/node_modules/.vite/deps/chunk-2IQD2QLW.js?v=a622341a:762:19)
    at div
    at http://localhost:5175/node_modules/.vite/deps/chunk-DDWCRPED.js?v=a622341a:3702:49
    at Box3 (http://localhost:5175/node_modules/.vite/deps/chunk-2IQD2QLW.js?v=a622341a:762:19)
    at div
    at http://localhost:5175/node_modules/.vite/deps/chunk-DDWCRPED.js?v=a622341a:3702:49
    at Box3 (http://localhost:5175/node_modules/.vite/deps/chunk-2IQD2QLW.js?v=a622341a:762:19)
    at div
    at http://localhost:5175/node_modules/.vite/deps/chunk-DDWCRPED.js?v=a622341a:3702:49
    at Box3 (http://localhost:5175/node_modules/.vite/deps/chunk-2IQD2QLW.js?v=a622341a:762:19)
    at div
    at http://localhost:5175/node_modules/.vite/deps/chunk-DDWCRPED.js?v=a622341a:3702:49
    at Box3 (http://localhost:5175/node_modules/.vite/deps/chunk-2IQD2QLW.js?v=a622341a:762:19)
    at PageLayout (http://localhost:5175/src/components/layout/PageLayout.jsx:32:3)
    at ImagesPage (http://localhost:5175/src/pages/ImagesPage.jsx?t=1772326351767:77:28)
    at ErrorBoundary (http://localhost:5175/src/components/common/ErrorBoundary.jsx:17:5)
    at div
    at http://localhost:5175/node_modules/.vite/deps/chunk-DDWCRPED.js?v=a622341a:3702:49
    at Box3 (http://localhost:5175/node_modules/.vite/deps/chunk-2IQD2QLW.js?v=a622341a:762:19)
    at main
    at http://localhost:5175/node_modules/.vite/deps/chunk-DDWCRPED.js?v=a622341a:3702:49
    at Box3 (http://localhost:5175/node_modules/.vite/deps/chunk-2IQD2QLW.js?v=a622341a:762:19)
    at div
    at http://localhost:5175/node_modules/.vite/deps/chunk-DDWCRPED.js?v=a622341a:3702:49
    at Box3 (http://localhost:5175/node_modules/.vite/deps/chunk-2IQD2QLW.js?v=a622341a:762:19)
    at AppLayout (http://localhost:5175/src/App.jsx:90:22)
    at RenderedRoute (http://localhost:5175/node_modules/.vite/deps/react-router-dom.js?v=a622341a:4154:5)
    at Routes (http://localhost:5175/node_modules/.vite/deps/react-router-dom.js?v=a622341a:4625:5)
    at Suspense
    at ErrorProvider (http://localhost:5175/src/components/common/ErrorProvider.jsx:29:33)
    at SnackbarProvider (http://localhost:5175/src/components/common/SnackbarProvider.jsx:21:36)
    at VoiceProvider (http://localhost:5175/src/contexts/VoiceContext.jsx:33:33)
    at LayoutProvider (http://localhost:5175/src/contexts/LayoutContext.jsx:60:34)
    at UnifiedProgressProvider (http://localhost:5175/src/contexts/UnifiedProgressContext.jsx:91:43)
    at Router (http://localhost:5175/node_modules/.vite/deps/react-router-dom.js?v=a622341a:4568:15)
    at BrowserRouter (http://localhost:5175/node_modules/.vite/deps/react-router-dom.js?v=a622341a:5317:5)
    at StatusProvider (http://localhost:5175/src/contexts/StatusContext.jsx:28:34)
    at DefaultPropsProvider (http://localhost:5175/node_modules/.vite/deps/chunk-DDWCRPED.js?v=a622341a:9373:3)
    at RtlProvider (http://localhost:5175/node_modules/.vite/deps/chunk-2IQD2QLW.js?v=a622341a:1180:5)
    at ThemeProvider (http://localhost:5175/node_modules/.vite/deps/chunk-2IQD2QLW.js?v=a622341a:1128:5)
    at ThemeProvider2 (http://localhost:5175/node_modules/.vite/deps/chunk-2IQD2QLW.js?v=a622341a:1272:5)
    at ThemeProvider (http://localhost:5175/node_modules/.vite/deps/chunk-RHXIQJG6.js?v=a622341a:313:12)
    at AppContainer (http://localhost:5175/src/App.jsx:169:21)
    at ErrorBoundary (http://localhost:5175/src/components/common/ErrorBoundary.jsx:17:5)
    at App @ http://localhost:5175/node_modules/.vite/deps/chunk-NHL3PYFL.js?v=a622341a:528
[   63811ms] [ERROR] Warning: Encountered two children with the same key, `%s`. Keys should be unique so that components maintain their identity across updates. Non-unique keys may cause children to be duplicated and/or omitted — the behavior is unsupported and could change in a future version.%s window-4 
    at div
    at http://localhost:5175/node_modules/.vite/deps/chunk-DDWCRPED.js?v=a622341a:3702:49
    at Box3 (http://localhost:5175/node_modules/.vite/deps/chunk-2IQD2QLW.js?v=a622341a:762:19)
    at div
    at http://localhost:5175/node_modules/.vite/deps/chunk-DDWCRPED.js?v=a622341a:3702:49
    at Box3 (http://localhost:5175/node_modules/.vite/deps/chunk-2IQD2QLW.js?v=a622341a:762:19)
    at div
    at http://localhost:5175/node_modules/.vite/deps/chunk-DDWCRPED.js?v=a622341a:3702:49
    at Box3 (http://localhost:5175/node_modules/.vite/deps/chunk-2IQD2QLW.js?v=a622341a:762:19)
    at div
    at http://localhost:5175/node_modules/.vite/deps/chunk-DDWCRPED.js?v=a622341a:3702:49
    at Box3 (http://localhost:5175/node_modules/.vite/deps/chunk-2IQD2QLW.js?v=a622341a:762:19)
    at div
    at http://localhost:5175/node_modules/.vite/deps/chunk-DDWCRPED.js?v=a622341a:3702:49
    at Box3 (http://localhost:5175/node_modules/.vite/deps/chunk-2IQD2QLW.js?v=a622341a:762:19)
    at PageLayout (http://localhost:5175/src/components/layout/PageLayout.jsx:32:3)
    at ImagesPage (http://localhost:5175/src/pages/ImagesPage.jsx?t=1772326351767:77:28)
    at ErrorBoundary (http://localhost:5175/src/components/common/ErrorBoundary.jsx:17:5)
    at div
    at http://localhost:5175/node_modules/.vite/deps/chunk-DDWCRPED.js?v=a622341a:3702:49
    at Box3 (http://localhost:5175/node_modules/.vite/deps/chunk-2IQD2QLW.js?v=a622341a:762:19)
    at main
    at http://localhost:5175/node_modules/.vite/deps/chunk-DDWCRPED.js?v=a622341a:3702:49
    at Box3 (http://localhost:5175/node_modules/.vite/deps/chunk-2IQD2QLW.js?v=a622341a:762:19)
    at div
    at http://localhost:5175/node_modules/.vite/deps/chunk-DDWCRPED.js?v=a622341a:3702:49
    at Box3 (http://localhost:5175/node_modules/.vite/deps/chunk-2IQD2QLW.js?v=a622341a:762:19)
    at AppLayout (http://localhost:5175/src/App.jsx:90:22)
    at RenderedRoute (http://localhost:5175/node_modules/.vite/deps/react-router-dom.js?v=a622341a:4154:5)
    at Routes (http://localhost:5175/node_modules/.vite/deps/react-router-dom.js?v=a622341a:4625:5)
    at Suspense
    at ErrorProvider (http://localhost:5175/src/components/common/ErrorProvider.jsx:29:33)
    at SnackbarProvider (http://localhost:5175/src/components/common/SnackbarProvider.jsx:21:36)
    at VoiceProvider (http://localhost:5175/src/contexts/VoiceContext.jsx:33:33)
    at LayoutProvider (http://localhost:5175/src/contexts/LayoutContext.jsx:60:34)
    at UnifiedProgressProvider (http://localhost:5175/src/contexts/UnifiedProgressContext.jsx:91:43)
    at Router (http://localhost:5175/node_modules/.vite/deps/react-router-dom.js?v=a622341a:4568:15)
    at BrowserRouter (http://localhost:5175/node_modules/.vite/deps/react-router-dom.js?v=a622341a:5317:5)
    at StatusProvider (http://localhost:5175/src/contexts/StatusContext.jsx:28:34)
    at DefaultPropsProvider (http://localhost:5175/node_modules/.vite/deps/chunk-DDWCRPED.js?v=a622341a:9373:3)
    at RtlProvider (http://localhost:5175/node_modules/.vite/deps/chunk-2IQD2QLW.js?v=a622341a:1180:5)
    at ThemeProvider (http://localhost:5175/node_modules/.vite/deps/chunk-2IQD2QLW.js?v=a622341a:1128:5)
    at ThemeProvider2 (http://localhost:5175/node_modules/.vite/deps/chunk-2IQD2QLW.js?v=a622341a:1272:5)
    at ThemeProvider (http://localhost:5175/node_modules/.vite/deps/chunk-RHXIQJG6.js?v=a622341a:313:12)
    at AppContainer (http://localhost:5175/src/App.jsx:169:21)
    at ErrorBoundary (http://localhost:5175/src/components/common/ErrorBoundary.jsx:17:5)
    at App @ http://localhost:5175/node_modules/.vite/deps/chunk-NHL3PYFL.js?v=a622341a:528
[   90081ms] [ERROR] Warning: Encountered two children with the same key, `%s`. Keys should be unique so that components maintain their identity across updates. Non-unique keys may cause children to be duplicated and/or omitted — the behavior is unsupported and could change in a future version.%s window-4 
    at div
    at http://localhost:5175/node_modules/.vite/deps/chunk-DDWCRPED.js?v=a622341a:3702:49
    at Box3 (http://localhost:5175/node_modules/.vite/deps/chunk-2IQD2QLW.js?v=a622341a:762:19)
    at div
    at http://localhost:5175/node_modules/.vite/deps/chunk-DDWCRPED.js?v=a622341a:3702:49
    at Box3 (http://localhost:5175/node_modules/.vite/deps/chunk-2IQD2QLW.js?v=a622341a:762:19)
    at div
    at http://localhost:5175/node_modules/.vite/deps/chunk-DDWCRPED.js?v=a622341a:3702:49
    at Box3 (http://localhost:5175/node_modules/.vite/deps/chunk-2IQD2QLW.js?v=a622341a:762:19)
    at div
    at http://localhost:5175/node_modules/.vite/deps/chunk-DDWCRPED.js?v=a622341a:3702:49
    at Box3 (http://localhost:5175/node_modules/.vite/deps/chunk-2IQD2QLW.js?v=a622341a:762:19)
    at div
    at http://localhost:5175/node_modules/.vite/deps/chunk-DDWCRPED.js?v=a622341a:3702:49
    at Box3 (http://localhost:5175/node_modules/.vite/deps/chunk-2IQD2QLW.js?v=a622341a:762:19)
    at PageLayout (http://localhost:5175/src/components/layout/PageLayout.jsx:32:3)
    at ImagesPage (http://localhost:5175/src/pages/ImagesPage.jsx?t=1772326351767:77:28)
    at ErrorBoundary (http://localhost:5175/src/components/common/ErrorBoundary.jsx:17:5)
    at div
    at http://localhost:5175/node_modules/.vite/deps/chunk-DDWCRPED.js?v=a622341a:3702:49
    at Box3 (http://localhost:5175/node_modules/.vite/deps/chunk-2IQD2QLW.js?v=a622341a:762:19)
    at main
    at http://localhost:5175/node_modules/.vite/deps/chunk-DDWCRPED.js?v=a622341a:3702:49
    at Box3 (http://localhost:5175/node_modules/.vite/deps/chunk-2IQD2QLW.js?v=a622341a:762:19)
    at div
    at http://localhost:5175/node_modules/.vite/deps/chunk-DDWCRPED.js?v=a622341a:3702:49
    at Box3 (http://localhost:5175/node_modules/.vite/deps/chunk-2IQD2QLW.js?v=a622341a:762:19)
    at AppLayout (http://localhost:5175/src/App.jsx:90:22)
    at RenderedRoute (http://localhost:5175/node_modules/.vite/deps/react-router-dom.js?v=a622341a:4154:5)
    at Routes (http://localhost:5175/node_modules/.vite/deps/react-router-dom.js?v=a622341a:4625:5)
    at Suspense
    at ErrorProvider (http://localhost:5175/src/components/common/ErrorProvider.jsx:29:33)
    at SnackbarProvider (http://localhost:5175/src/components/common/SnackbarProvider.jsx:21:36)
    at VoiceProvider (http://localhost:5175/src/contexts/VoiceContext.jsx:33:33)
    at LayoutProvider (http://localhost:5175/src/contexts/LayoutContext.jsx:60:34)
    at UnifiedProgressProvider (http://localhost:5175/src/contexts/UnifiedProgressContext.jsx:91:43)
    at Router (http://localhost:5175/node_modules/.vite/deps/react-router-dom.js?v=a622341a:4568:15)
    at BrowserRouter (http://localhost:5175/node_modules/.vite/deps/react-router-dom.js?v=a622341a:5317:5)
    at StatusProvider (http://localhost:5175/src/contexts/StatusContext.jsx:28:34)
    at DefaultPropsProvider (http://localhost:5175/node_modules/.vite/deps/chunk-DDWCRPED.js?v=a622341a:9373:3)
    at RtlProvider (http://localhost:5175/node_modules/.vite/deps/chunk-2IQD2QLW.js?v=a622341a:1180:5)
    at ThemeProvider (http://localhost:5175/node_modules/.vite/deps/chunk-2IQD2QLW.js?v=a622341a:1128:5)
    at ThemeProvider2 (http://localhost:5175/node_modules/.vite/deps/chunk-2IQD2QLW.js?v=a622341a:1272:5)
    at ThemeProvider (http://localhost:5175/node_modules/.vite/deps/chunk-RHXIQJG6.js?v=a622341a:313:12)
    at AppContainer (http://localhost:5175/src/App.jsx:169:21)
    at ErrorBoundary (http://localhost:5175/src/components/common/ErrorBoundary.jsx:17:5)
    at App @ http://localhost:5175/node_modules/.vite/deps/chunk-NHL3PYFL.js?v=a622341a:528
[   98533ms] [ERROR] Warning: Encountered two children with the same key, `%s`. Keys should be unique so that components maintain their identity across updates. Non-unique keys may cause children to be duplicated and/or omitted — the behavior is unsupported and could change in a future version.%s window-4 
    at div
    at http://localhost:5175/node_modules/.vite/deps/chunk-DDWCRPED.js?v=a622341a:3702:49
    at Box3 (http://localhost:5175/node_modules/.vite/deps/chunk-2IQD2QLW.js?v=a622341a:762:19)
    at div
    at http://localhost:5175/node_modules/.vite/deps/chunk-DDWCRPED.js?v=a622341a:3702:49
    at Box3 (http://localhost:5175/node_modules/.vite/deps/chunk-2IQD2QLW.js?v=a622341a:762:19)
    at div
    at http://localhost:5175/node_modules/.vite/deps/chunk-DDWCRPED.js?v=a622341a:3702:49
    at Box3 (http://localhost:5175/node_modules/.vite/deps/chunk-2IQD2QLW.js?v=a622341a:762:19)
    at div
    at http://localhost:5175/node_modules/.vite/deps/chunk-DDWCRPED.js?v=a622341a:3702:49
    at Box3 (http://localhost:5175/node_modules/.vite/deps/chunk-2IQD2QLW.js?v=a622341a:762:19)
    at div
    at http://localhost:5175/node_modules/.vite/deps/chunk-DDWCRPED.js?v=a622341a:3702:49
    at Box3 (http://localhost:5175/node_modules/.vite/deps/chunk-2IQD2QLW.js?v=a622341a:762:19)
    at PageLayout (http://localhost:5175/src/components/layout/PageLayout.jsx:32:3)
    at ImagesPage (http://localhost:5175/src/pages/ImagesPage.jsx?t=1772326351767:77:28)
    at ErrorBoundary (http://localhost:5175/src/components/common/ErrorBoundary.jsx:17:5)
    at div
    at http://localhost:5175/node_modules/.vite/deps/chunk-DDWCRPED.js?v=a622341a:3702:49
    at Box3 (http://localhost:5175/node_modules/.vite/deps/chunk-2IQD2QLW.js?v=a622341a:762:19)
    at main
    at http://localhost:5175/node_modules/.vite/deps/chunk-DDWCRPED.js?v=a622341a:3702:49
    at Box3 (http://localhost:5175/node_modules/.vite/deps/chunk-2IQD2QLW.js?v=a622341a:762:19)
    at div
    at http://localhost:5175/node_modules/.vite/deps/chunk-DDWCRPED.js?v=a622341a:3702:49
    at Box3 (http://localhost:5175/node_modules/.vite/deps/chunk-2IQD2QLW.js?v=a622341a:762:19)
    at AppLayout (http://localhost:5175/src/App.jsx:90:22)
    at RenderedRoute (http://localhost:5175/node_modules/.vite/deps/react-router-dom.js?v=a622341a:4154:5)
    at Routes (http://localhost:5175/node_modules/.vite/deps/react-router-dom.js?v=a622341a:4625:5)
    at Suspense
    at ErrorProvider (http://localhost:5175/src/components/common/ErrorProvider.jsx:29:33)
    at SnackbarProvider (http://localhost:5175/src/components/common/SnackbarProvider.jsx:21:36)
    at VoiceProvider (http://localhost:5175/src/contexts/VoiceContext.jsx:33:33)
    at LayoutProvider (http://localhost:5175/src/contexts/LayoutContext.jsx:60:34)
    at UnifiedProgressProvider (http://localhost:5175/src/contexts/UnifiedProgressContext.jsx:91:43)
    at Router (http://localhost:5175/node_modules/.vite/deps/react-router-dom.js?v=a622341a:4568:15)
    at BrowserRouter (http://localhost:5175/node_modules/.vite/deps/react-router-dom.js?v=a622341a:5317:5)
    at StatusProvider (http://localhost:5175/src/contexts/StatusContext.jsx:28:34)
    at DefaultPropsProvider (http://localhost:5175/node_modules/.vite/deps/chunk-DDWCRPED.js?v=a622341a:9373:3)
    at RtlProvider (http://localhost:5175/node_modules/.vite/deps/chunk-2IQD2QLW.js?v=a622341a:1180:5)
    at ThemeProvider (http://localhost:5175/node_modules/.vite/deps/chunk-2IQD2QLW.js?v=a622341a:1128:5)
    at ThemeProvider2 (http://localhost:5175/node_modules/.vite/deps/chunk-2IQD2QLW.js?v=a622341a:1272:5)
    at ThemeProvider (http://localhost:5175/node_modules/.vite/deps/chunk-RHXIQJG6.js?v=a622341a:313:12)
    at AppContainer (http://localhost:5175/src/App.jsx:169:21)
    at ErrorBoundary (http://localhost:5175/src/components/common/ErrorBoundary.jsx:17:5)
    at App @ http://localhost:5175/node_modules/.vite/deps/chunk-NHL3PYFL.js?v=a622341a:528
[  115181ms] [ERROR] Warning: Encountered two children with the same key, `%s`. Keys should be unique so that components maintain their identity across updates. Non-unique keys may cause children to be duplicated and/or omitted — the behavior is unsupported and could change in a future version.%s window-4 
    at div
    at http://localhost:5175/node_modules/.vite/deps/chunk-DDWCRPED.js?v=a622341a:3702:49
    at Box3 (http://localhost:5175/node_modules/.vite/deps/chunk-2IQD2QLW.js?v=a622341a:762:19)
    at div
    at http://localhost:5175/node_modules/.vite/deps/chunk-DDWCRPED.js?v=a622341a:3702:49
    at Box3 (http://localhost:5175/node_modules/.vite/deps/chunk-2IQD2QLW.js?v=a622341a:762:19)
    at div
    at http://localhost:5175/node_modules/.vite/deps/chunk-DDWCRPED.js?v=a622341a:3702:49
    at Box3 (http://localhost:5175/node_modules/.vite/deps/chunk-2IQD2QLW.js?v=a622341a:762:19)
    at div
    at http://localhost:5175/node_modules/.vite/deps/chunk-DDWCRPED.js?v=a622341a:3702:49
    at Box3 (http://localhost:5175/node_modules/.vite/deps/chunk-2IQD2QLW.js?v=a622341a:762:19)
    at div
    at http://localhost:5175/node_modules/.vite/deps/chunk-DDWCRPED.js?v=a622341a:3702:49
    at Box3 (http://localhost:5175/node_modules/.vite/deps/chunk-2IQD2QLW.js?v=a622341a:762:19)
    at PageLayout (http://localhost:5175/src/components/layout/PageLayout.jsx:32:3)
    at ImagesPage (http://localhost:5175/src/pages/ImagesPage.jsx?t=1772326351767:77:28)
    at ErrorBoundary (http://localhost:5175/src/components/common/ErrorBoundary.jsx:17:5)
    at div
    at http://localhost:5175/node_modules/.vite/deps/chunk-DDWCRPED.js?v=a622341a:3702:49
    at Box3 (http://localhost:5175/node_modules/.vite/deps/chunk-2IQD2QLW.js?v=a622341a:762:19)
    at main
    at http://localhost:5175/node_modules/.vite/deps/chunk-DDWCRPED.js?v=a622341a:3702:49
    at Box3 (http://localhost:5175/node_modules/.vite/deps/chunk-2IQD2QLW.js?v=a622341a:762:19)
    at div
    at http://localhost:5175/node_modules/.vite/deps/chunk-DDWCRPED.js?v=a622341a:3702:49
    at Box3 (http://localhost:5175/node_modules/.vite/deps/chunk-2IQD2QLW.js?v=a622341a:762:19)
    at AppLayout (http://localhost:5175/src/App.jsx:90:22)
    at RenderedRoute (http://localhost:5175/node_modules/.vite/deps/react-router-dom.js?v=a622341a:4154:5)
    at Routes (http://localhost:5175/node_modules/.vite/deps/react-router-dom.js?v=a622341a:4625:5)
    at Suspense
    at ErrorProvider (http://localhost:5175/src/components/common/ErrorProvider.jsx:29:33)
    at SnackbarProvider (http://localhost:5175/src/components/common/SnackbarProvider.jsx:21:36)
    at VoiceProvider (http://localhost:5175/src/contexts/VoiceContext.jsx:33:33)
    at LayoutProvider (http://localhost:5175/src/contexts/LayoutContext.jsx:60:34)
    at UnifiedProgressProvider (http://localhost:5175/src/contexts/UnifiedProgressContext.jsx:91:43)
    at Router (http://localhost:5175/node_modules/.vite/deps/react-router-dom.js?v=a622341a:4568:15)
    at BrowserRouter (http://localhost:5175/node_modules/.vite/deps/react-router-dom.js?v=a622341a:5317:5)
    at StatusProvider (http://localhost:5175/src/contexts/StatusContext.jsx:28:34)
    at DefaultPropsProvider (http://localhost:5175/node_modules/.vite/deps/chunk-DDWCRPED.js?v=a622341a:9373:3)
    at RtlProvider (http://localhost:5175/node_modules/.vite/deps/chunk-2IQD2QLW.js?v=a622341a:1180:5)
    at ThemeProvider (http://localhost:5175/node_modules/.vite/deps/chunk-2IQD2QLW.js?v=a622341a:1128:5)
    at ThemeProvider2 (http://localhost:5175/node_modules/.vite/deps/chunk-2IQD2QLW.js?v=a622341a:1272:5)
    at ThemeProvider (http://localhost:5175/node_modules/.vite/deps/chunk-RHXIQJG6.js?v=a622341a:313:12)
    at AppContainer (http://localhost:5175/src/App.jsx:169:21)
    at ErrorBoundary (http://localhost:5175/src/components/common/ErrorBoundary.jsx:17:5)
    at App @ http://localhost:5175/node_modules/.vite/deps/chunk-NHL3PYFL.js?v=a622341a:528
[  115188ms] [ERROR] Warning: Encountered two children with the same key, `%s`. Keys should be unique so that components maintain their identity across updates. Non-unique keys may cause children to be duplicated and/or omitted — the behavior is unsupported and could change in a future version.%s window-4 
    at div
    at http://localhost:5175/node_modules/.vite/deps/chunk-DDWCRPED.js?v=a622341a:3702:49
    at Box3 (http://localhost:5175/node_modules/.vite/deps/chunk-2IQD2QLW.js?v=a622341a:762:19)
    at div
    at http://localhost:5175/node_modules/.vite/deps/chunk-DDWCRPED.js?v=a622341a:3702:49
    at Box3 (http://localhost:5175/node_modules/.vite/deps/chunk-2IQD2QLW.js?v=a622341a:762:19)
    at div
    at http://localhost:5175/node_modules/.vite/deps/chunk-DDWCRPED.js?v=a622341a:3702:49
    at Box3 (http://localhost:5175/node_modules/.vite/deps/chunk-2IQD2QLW.js?v=a622341a:762:19)
    at div
    at http://localhost:5175/node_modules/.vite/deps/chunk-DDWCRPED.js?v=a622341a:3702:49
    at Box3 (http://localhost:5175/node_modules/.vite/deps/chunk-2IQD2QLW.js?v=a622341a:762:19)
    at div
    at http://localhost:5175/node_modules/.vite/deps/chunk-DDWCRPED.js?v=a622341a:3702:49
    at Box3 (http://localhost:5175/node_modules/.vite/deps/chunk-2IQD2QLW.js?v=a622341a:762:19)
    at PageLayout (http://localhost:5175/src/components/layout/PageLayout.jsx:32:3)
    at ImagesPage (http://localhost:5175/src/pages/ImagesPage.jsx?t=1772326351767:77:28)
    at ErrorBoundary (http://localhost:5175/src/components/common/ErrorBoundary.jsx:17:5)
    at div
    at http://localhost:5175/node_modules/.vite/deps/chunk-DDWCRPED.js?v=a622341a:3702:49
    at Box3 (http://localhost:5175/node_modules/.vite/deps/chunk-2IQD2QLW.js?v=a622341a:762:19)
    at main
    at http://localhost:5175/node_modules/.vite/deps/chunk-DDWCRPED.js?v=a622341a:3702:49
    at Box3 (http://localhost:5175/node_modules/.vite/deps/chunk-2IQD2QLW.js?v=a622341a:762:19)
    at div
    at http://localhost:5175/node_modules/.vite/deps/chunk-DDWCRPED.js?v=a622341a:3702:49
    at Box3 (http://localhost:5175/node_modules/.vite/deps/chunk-2IQD2QLW.js?v=a622341a:762:19)
    at AppLayout (http://localhost:5175/src/App.jsx:90:22)
    at RenderedRoute (http://localhost:5175/node_modules/.vite/deps/react-router-dom.js?v=a622341a:4154:5)
    at Routes (http://localhost:5175/node_modules/.vite/deps/react-router-dom.js?v=a622341a:4625:5)
    at Suspense
    at ErrorProvider (http://localhost:5175/src/components/common/ErrorProvider.jsx:29:33)
    at SnackbarProvider (http://localhost:5175/src/components/common/SnackbarProvider.jsx:21:36)
    at VoiceProvider (http://localhost:5175/src/contexts/VoiceContext.jsx:33:33)
    at LayoutProvider (http://localhost:5175/src/contexts/LayoutContext.jsx:60:34)
    at UnifiedProgressProvider (http://localhost:5175/src/contexts/UnifiedProgressContext.jsx:91:43)
    at Router (http://localhost:5175/node_modules/.vite/deps/react-router-dom.js?v=a622341a:4568:15)
    at BrowserRouter (http://localhost:5175/node_modules/.vite/deps/react-router-dom.js?v=a622341a:5317:5)
    at StatusProvider (http://localhost:5175/src/contexts/StatusContext.jsx:28:34)
    at DefaultPropsProvider (http://localhost:5175/node_modules/.vite/deps/chunk-DDWCRPED.js?v=a622341a:9373:3)
    at RtlProvider (http://localhost:5175/node_modules/.vite/deps/chunk-2IQD2QLW.js?v=a622341a:1180:5)
    at ThemeProvider (http://localhost:5175/node_modules/.vite/deps/chunk-2IQD2QLW.js?v=a622341a:1128:5)
    at ThemeProvider2 (http://localhost:5175/node_modules/.vite/deps/chunk-2IQD2QLW.js?v=a622341a:1272:5)
    at ThemeProvider (http://localhost:5175/node_modules/.vite/deps/chunk-RHXIQJG6.js?v=a622341a:313:12)
    at AppContainer (http://localhost:5175/src/App.jsx:169:21)
    at ErrorBoundary (http://localhost:5175/src/components/common/ErrorBoundary.jsx:17:5)
    at App @ http://localhost:5175/node_modules/.vite/deps/chunk-NHL3PYFL.js?v=a622341a:528
[  115197ms] [ERROR] Warning: Failed %s type: %s%s prop Duplicate child key "window-4" found! This will cause problems in ReactGridLayout. 
    at ReactGridLayout (http://localhost:5175/node_modules/.vite/deps/react-grid-layout.js?v=a622341a:3740:9)
    at WidthProvider (http://localhost:5175/node_modules/.vite/deps/react-grid-layout.js?v=a622341a:5289:11)
    at div
    at http://localhost:5175/node_modules/.vite/deps/chunk-DDWCRPED.js?v=a622341a:3702:49
    at Box3 (http://localhost:5175/node_modules/.vite/deps/chunk-2IQD2QLW.js?v=a622341a:762:19)
    at div
    at http://localhost:5175/node_modules/.vite/deps/chunk-DDWCRPED.js?v=a622341a:3702:49
    at Box3 (http://localhost:5175/node_modules/.vite/deps/chunk-2IQD2QLW.js?v=a622341a:762:19)
    at div
    at http://localhost:5175/node_modules/.vite/deps/chunk-DDWCRPED.js?v=a622341a:3702:49
    at Box3 (http://localhost:5175/node_modules/.vite/deps/chunk-2IQD2QLW.js?v=a622341a:762:19)
    at div
    at http://localhost:5175/node_modules/.vite/deps/chunk-DDWCRPED.js?v=a622341a:3702:49
    at Box3 (http://localhost:5175/node_modules/.vite/deps/chunk-2IQD2QLW.js?v=a622341a:762:19)
    at div
    at http://localhost:5175/node_modules/.vite/deps/chunk-DDWCRPED.js?v=a622341a:3702:49
    at Box3 (http://localhost:5175/node_modules/.vite/deps/chunk-2IQD2QLW.js?v=a622341a:762:19)
    at PageLayout (http://localhost:5175/src/components/layout/PageLayout.jsx:32:3)
    at ImagesPage (http://localhost:5175/src/pages/ImagesPage.jsx?t=1772326351767:77:28)
    at ErrorBoundary (http://localhost:5175/src/components/common/ErrorBoundary.jsx:17:5)
    at div
    at http://localhost:5175/node_modules/.vite/deps/chunk-DDWCRPED.js?v=a622341a:3702:49
    at Box3 (http://localhost:5175/node_modules/.vite/deps/chunk-2IQD2QLW.js?v=a622341a:762:19)
    at main
    at http://localhost:5175/node_modules/.vite/deps/chunk-DDWCRPED.js?v=a622341a:3702:49
    at Box3 (http://localhost:5175/node_modules/.vite/deps/chunk-2IQD2QLW.js?v=a622341a:762:19)
    at div
    at http://localhost:5175/node_modules/.vite/deps/chunk-DDWCRPED.js?v=a622341a:3702:49
    at Box3 (http://localhost:5175/node_modules/.vite/deps/chunk-2IQD2QLW.js?v=a622341a:762:19)
    at AppLayout (http://localhost:5175/src/App.jsx:90:22)
    at RenderedRoute (http://localhost:5175/node_modules/.vite/deps/react-router-dom.js?v=a622341a:4154:5)
    at Routes (http://localhost:5175/node_modules/.vite/deps/react-router-dom.js?v=a622341a:4625:5)
    at Suspense
    at ErrorProvider (http://localhost:5175/src/components/common/ErrorProvider.jsx:29:33)
    at SnackbarProvider (http://localhost:5175/src/components/common/SnackbarProvider.jsx:21:36)
    at VoiceProvider (http://localhost:5175/src/contexts/VoiceContext.jsx:33:33)
    at LayoutProvider (http://localhost:5175/src/contexts/LayoutContext.jsx:60:34)
    at UnifiedProgressProvider (http://localhost:5175/src/contexts/UnifiedProgressContext.jsx:91:43)
    at Router (http://localhost:5175/node_modules/.vite/deps/react-router-dom.js?v=a622341a:4568:15)
    at BrowserRouter (http://localhost:5175/node_modules/.vite/deps/react-router-dom.js?v=a622341a:5317:5)
    at StatusProvider (http://localhost:5175/src/contexts/StatusContext.jsx:28:34)
    at DefaultPropsProvider (http://localhost:5175/node_modules/.vite/deps/chunk-DDWCRPED.js?v=a622341a:9373:3)
    at RtlProvider (http://localhost:5175/node_modules/.vite/deps/chunk-2IQD2QLW.js?v=a622341a:1180:5)
    at ThemeProvider (http://localhost:5175/node_modules/.vite/deps/chunk-2IQD2QLW.js?v=a622341a:1128:5)
    at ThemeProvider2 (http://localhost:5175/node_modules/.vite/deps/chunk-2IQD2QLW.js?v=a622341a:1272:5)
    at ThemeProvider (http://localhost:5175/node_modules/.vite/deps/chunk-RHXIQJG6.js?v=a622341a:313:12)
    at AppContainer (http://localhost:5175/src/App.jsx:169:21)
    at ErrorBoundary (http://localhost:5175/src/components/common/ErrorBoundary.jsx:17:5)
    at App @ http://localhost:5175/node_modules/.vite/deps/chunk-IPXKYMVW.js?v=a622341a:139
[  115198ms] [ERROR] Warning: Encountered two children with the same key, `%s`. Keys should be unique so that components maintain their identity across updates. Non-unique keys may cause children to be duplicated and/or omitted — the behavior is unsupported and could change in a future version.%s .$window-4 
    at div
    at ReactGridLayout (http://localhost:5175/node_modules/.vite/deps/react-grid-layout.js?v=a622341a:3740:9)
    at WidthProvider (http://localhost:5175/node_modules/.vite/deps/react-grid-layout.js?v=a622341a:5289:11)
    at div
    at http://localhost:5175/node_modules/.vite/deps/chunk-DDWCRPED.js?v=a622341a:3702:49
    at Box3 (http://localhost:5175/node_modules/.vite/deps/chunk-2IQD2QLW.js?v=a622341a:762:19)
    at div
    at http://localhost:5175/node_modules/.vite/deps/chunk-DDWCRPED.js?v=a622341a:3702:49
    at Box3 (http://localhost:5175/node_modules/.vite/deps/chunk-2IQD2QLW.js?v=a622341a:762:19)
    at div
    at http://localhost:5175/node_modules/.vite/deps/chunk-DDWCRPED.js?v=a622341a:3702:49
    at Box3 (http://localhost:5175/node_modules/.vite/deps/chunk-2IQD2QLW.js?v=a622341a:762:19)
    at div
    at http://localhost:5175/node_modules/.vite/deps/chunk-DDWCRPED.js?v=a622341a:3702:49
    at Box3 (http://localhost:5175/node_modules/.vite/deps/chunk-2IQD2QLW.js?v=a622341a:762:19)
    at div
    at http://localhost:5175/node_modules/.vite/deps/chunk-DDWCRPED.js?v=a622341a:3702:49
    at Box3 (http://localhost:5175/node_modules/.vite/deps/chunk-2IQD2QLW.js?v=a622341a:762:19)
    at PageLayout (http://localhost:5175/src/components/layout/PageLayout.jsx:32:3)
    at ImagesPage (http://localhost:5175/src/pages/ImagesPage.jsx?t=1772326351767:77:28)
    at ErrorBoundary (http://localhost:5175/src/components/common/ErrorBoundary.jsx:17:5)
    at div
    at http://localhost:5175/node_modules/.vite/deps/chunk-DDWCRPED.js?v=a622341a:3702:49
    at Box3 (http://localhost:5175/node_modules/.vite/deps/chunk-2IQD2QLW.js?v=a622341a:762:19)
    at main
    at http://localhost:5175/node_modules/.vite/deps/chunk-DDWCRPED.js?v=a622341a:3702:49
    at Box3 (http://localhost:5175/node_modules/.vite/deps/chunk-2IQD2QLW.js?v=a622341a:762:19)
    at div
    at http://localhost:5175/node_modules/.vite/deps/chunk-DDWCRPED.js?v=a622341a:3702:49
    at Box3 (http://localhost:5175/node_modules/.vite/deps/chunk-2IQD2QLW.js?v=a622341a:762:19)
    at AppLayout (http://localhost:5175/src/App.jsx:90:22)
    at RenderedRoute (http://localhost:5175/node_modules/.vite/deps/react-router-dom.js?v=a622341a:4154:5)
    at Routes (http://localhost:5175/node_modules/.vite/deps/react-router-dom.js?v=a622341a:4625:5)
    at Suspense
    at ErrorProvider (http://localhost:5175/src/components/common/ErrorProvider.jsx:29:33)
    at SnackbarProvider (http://localhost:5175/src/components/common/SnackbarProvider.jsx:21:36)
    at VoiceProvider (http://localhost:5175/src/contexts/VoiceContext.jsx:33:33)
    at LayoutProvider (http://localhost:5175/src/contexts/LayoutContext.jsx:60:34)
    at UnifiedProgressProvider (http://localhost:5175/src/contexts/UnifiedProgressContext.jsx:91:43)
    at Router (http://localhost:5175/node_modules/.vite/deps/react-router-dom.js?v=a622341a:4568:15)
    at BrowserRouter (http://localhost:5175/node_modules/.vite/deps/react-router-dom.js?v=a622341a:5317:5)
    at StatusProvider (http://localhost:5175/src/contexts/StatusContext.jsx:28:34)
    at DefaultPropsProvider (http://localhost:5175/node_modules/.vite/deps/chunk-DDWCRPED.js?v=a622341a:9373:3)
    at RtlProvider (http://localhost:5175/node_modules/.vite/deps/chunk-2IQD2QLW.js?v=a622341a:1180:5)
    at ThemeProvider (http://localhost:5175/node_modules/.vite/deps/chunk-2IQD2QLW.js?v=a622341a:1128:5)
    at ThemeProvider2 (http://localhost:5175/node_modules/.vite/deps/chunk-2IQD2QLW.js?v=a622341a:1272:5)
    at ThemeProvider (http://localhost:5175/node_modules/.vite/deps/chunk-RHXIQJG6.js?v=a622341a:313:12)
    at AppContainer (http://localhost:5175/src/App.jsx:169:21)
    at ErrorBoundary (http://localhost:5175/src/components/common/ErrorBoundary.jsx:17:5)
    at App @ http://localhost:5175/node_modules/.vite/deps/chunk-NHL3PYFL.js?v=a622341a:528
[  115214ms] [ERROR] Warning: Encountered two children with the same key, `%s`. Keys should be unique so that components maintain their identity across updates. Non-unique keys may cause children to be duplicated and/or omitted — the behavior is unsupported and could change in a future version.%s .$window-4 
    at div
    at ReactGridLayout (http://localhost:5175/node_modules/.vite/deps/react-grid-layout.js?v=a622341a:3740:9)
    at WidthProvider (http://localhost:5175/node_modules/.vite/deps/react-grid-layout.js?v=a622341a:5289:11)
    at div
    at http://localhost:5175/node_modules/.vite/deps/chunk-DDWCRPED.js?v=a622341a:3702:49
    at Box3 (http://localhost:5175/node_modules/.vite/deps/chunk-2IQD2QLW.js?v=a622341a:762:19)
    at div
    at http://localhost:5175/node_modules/.vite/deps/chunk-DDWCRPED.js?v=a622341a:3702:49
    at Box3 (http://localhost:5175/node_modules/.vite/deps/chunk-2IQD2QLW.js?v=a622341a:762:19)
    at div
    at http://localhost:5175/node_modules/.vite/deps/chunk-DDWCRPED.js?v=a622341a:3702:49
    at Box3 (http://localhost:5175/node_modules/.vite/deps/chunk-2IQD2QLW.js?v=a622341a:762:19)
    at div
    at http://localhost:5175/node_modules/.vite/deps/chunk-DDWCRPED.js?v=a622341a:3702:49
    at Box3 (http://localhost:5175/node_modules/.vite/deps/chunk-2IQD2QLW.js?v=a622341a:762:19)
    at div
    at http://localhost:5175/node_modules/.vite/deps/chunk-DDWCRPED.js?v=a622341a:3702:49
    at Box3 (http://localhost:5175/node_modules/.vite/deps/chunk-2IQD2QLW.js?v=a622341a:762:19)
    at PageLayout (http://localhost:5175/src/components/layout/PageLayout.jsx:32:3)
    at ImagesPage (http://localhost:5175/src/pages/ImagesPage.jsx?t=1772326351767:77:28)
    at ErrorBoundary (http://localhost:5175/src/components/common/ErrorBoundary.jsx:17:5)
    at div
    at http://localhost:5175/node_modules/.vite/deps/chunk-DDWCRPED.js?v=a622341a:3702:49
    at Box3 (http://localhost:5175/node_modules/.vite/deps/chunk-2IQD2QLW.js?v=a622341a:762:19)
    at main
    at http://localhost:5175/node_modules/.vite/deps/chunk-DDWCRPED.js?v=a622341a:3702:49
    at Box3 (http://localhost:5175/node_modules/.vite/deps/chunk-2IQD2QLW.js?v=a622341a:762:19)
    at div
    at http://localhost:5175/node_modules/.vite/deps/chunk-DDWCRPED.js?v=a622341a:3702:49
    at Box3 (http://localhost:5175/node_modules/.vite/deps/chunk-2IQD2QLW.js?v=a622341a:762:19)
    at AppLayout (http://localhost:5175/src/App.jsx:90:22)
    at RenderedRoute (http://localhost:5175/node_modules/.vite/deps/react-router-dom.js?v=a622341a:4154:5)
    at Routes (http://localhost:5175/node_modules/.vite/deps/react-router-dom.js?v=a622341a:4625:5)
    at Suspense
    at ErrorProvider (http://localhost:5175/src/components/common/ErrorProvider.jsx:29:33)
    at SnackbarProvider (http://localhost:5175/src/components/common/SnackbarProvider.jsx:21:36)
    at VoiceProvider (http://localhost:5175/src/contexts/VoiceContext.jsx:33:33)
    at LayoutProvider (http://localhost:5175/src/contexts/LayoutContext.jsx:60:34)
    at UnifiedProgressProvider (http://localhost:5175/src/contexts/UnifiedProgressContext.jsx:91:43)
    at Router (http://localhost:5175/node_modules/.vite/deps/react-router-dom.js?v=a622341a:4568:15)
    at BrowserRouter (http://localhost:5175/node_modules/.vite/deps/react-router-dom.js?v=a622341a:5317:5)
    at StatusProvider (http://localhost:5175/src/contexts/StatusContext.jsx:28:34)
    at DefaultPropsProvider (http://localhost:5175/node_modules/.vite/deps/chunk-DDWCRPED.js?v=a622341a:9373:3)
    at RtlProvider (http://localhost:5175/node_modules/.vite/deps/chunk-2IQD2QLW.js?v=a622341a:1180:5)
    at ThemeProvider (http://localhost:5175/node_modules/.vite/deps/chunk-2IQD2QLW.js?v=a622341a:1128:5)
    at ThemeProvider2 (http://localhost:5175/node_modules/.vite/deps/chunk-2IQD2QLW.js?v=a622341a:1272:5)
    at ThemeProvider (http://localhost:5175/node_modules/.vite/deps/chunk-RHXIQJG6.js?v=a622341a:313:12)
    at AppContainer (http://localhost:5175/src/App.jsx:169:21)
    at ErrorBoundary (http://localhost:5175/src/components/common/ErrorBoundary.jsx:17:5)
    at App @ http://localhost:5175/node_modules/.vite/deps/chunk-NHL3PYFL.js?v=a622341a:528
[  115225ms] [ERROR] Warning: Encountered two children with the same key, `%s`. Keys should be unique so that components maintain their identity across updates. Non-unique keys may cause children to be duplicated and/or omitted — the behavior is unsupported and could change in a future version.%s .$window-4 
    at div
    at ReactGridLayout (http://localhost:5175/node_modules/.vite/deps/react-grid-layout.js?v=a622341a:3740:9)
    at WidthProvider (http://localhost:5175/node_modules/.vite/deps/react-grid-layout.js?v=a622341a:5289:11)
    at div
    at http://localhost:5175/node_modules/.vite/deps/chunk-DDWCRPED.js?v=a622341a:3702:49
    at Box3 (http://localhost:5175/node_modules/.vite/deps/chunk-2IQD2QLW.js?v=a622341a:762:19)
    at div
    at http://localhost:5175/node_modules/.vite/deps/chunk-DDWCRPED.js?v=a622341a:3702:49
    at Box3 (http://localhost:5175/node_modules/.vite/deps/chunk-2IQD2QLW.js?v=a622341a:762:19)
    at div
    at http://localhost:5175/node_modules/.vite/deps/chunk-DDWCRPED.js?v=a622341a:3702:49
    at Box3 (http://localhost:5175/node_modules/.vite/deps/chunk-2IQD2QLW.js?v=a622341a:762:19)
    at div
    at http://localhost:5175/node_modules/.vite/deps/chunk-DDWCRPED.js?v=a622341a:3702:49
    at Box3 (http://localhost:5175/node_modules/.vite/deps/chunk-2IQD2QLW.js?v=a622341a:762:19)
    at div
    at http://localhost:5175/node_modules/.vite/deps/chunk-DDWCRPED.js?v=a622341a:3702:49
    at Box3 (http://localhost:5175/node_modules/.vite/deps/chunk-2IQD2QLW.js?v=a622341a:762:19)
    at PageLayout (http://localhost:5175/src/components/layout/PageLayout.jsx:32:3)
    at ImagesPage (http://localhost:5175/src/pages/ImagesPage.jsx?t=1772326351767:77:28)
    at ErrorBoundary (http://localhost:5175/src/components/common/ErrorBoundary.jsx:17:5)
    at div
    at http://localhost:5175/node_modules/.vite/deps/chunk-DDWCRPED.js?v=a622341a:3702:49
    at Box3 (http://localhost:5175/node_modules/.vite/deps/chunk-2IQD2QLW.js?v=a622341a:762:19)
    at main
    at http://localhost:5175/node_modules/.vite/deps/chunk-DDWCRPED.js?v=a622341a:3702:49
    at Box3 (http://localhost:5175/node_modules/.vite/deps/chunk-2IQD2QLW.js?v=a622341a:762:19)
    at div
    at http://localhost:5175/node_modules/.vite/deps/chunk-DDWCRPED.js?v=a622341a:3702:49
    at Box3 (http://localhost:5175/node_modules/.vite/deps/chunk-2IQD2QLW.js?v=a622341a:762:19)
    at AppLayout (http://localhost:5175/src/App.jsx:90:22)
    at RenderedRoute (http://localhost:5175/node_modules/.vite/deps/react-router-dom.js?v=a622341a:4154:5)
    at Routes (http://localhost:5175/node_modules/.vite/deps/react-router-dom.js?v=a622341a:4625:5)
    at Suspense
    at ErrorProvider (http://localhost:5175/src/components/common/ErrorProvider.jsx:29:33)
    at SnackbarProvider (http://localhost:5175/src/components/common/SnackbarProvider.jsx:21:36)
    at VoiceProvider (http://localhost:5175/src/contexts/VoiceContext.jsx:33:33)
    at LayoutProvider (http://localhost:5175/src/contexts/LayoutContext.jsx:60:34)
    at UnifiedProgressProvider (http://localhost:5175/src/contexts/UnifiedProgressContext.jsx:91:43)
    at Router (http://localhost:5175/node_modules/.vite/deps/react-router-dom.js?v=a622341a:4568:15)
    at BrowserRouter (http://localhost:5175/node_modules/.vite/deps/react-router-dom.js?v=a622341a:5317:5)
    at StatusProvider (http://localhost:5175/src/contexts/StatusContext.jsx:28:34)
    at DefaultPropsProvider (http://localhost:5175/node_modules/.vite/deps/chunk-DDWCRPED.js?v=a622341a:9373:3)
    at RtlProvider (http://localhost:5175/node_modules/.vite/deps/chunk-2IQD2QLW.js?v=a622341a:1180:5)
    at ThemeProvider (http://localhost:5175/node_modules/.vite/deps/chunk-2IQD2QLW.js?v=a622341a:1128:5)
    at ThemeProvider2 (http://localhost:5175/node_modules/.vite/deps/chunk-2IQD2QLW.js?v=a622341a:1272:5)
    at ThemeProvider (http://localhost:5175/node_modules/.vite/deps/chunk-RHXIQJG6.js?v=a622341a:313:12)
    at AppContainer (http://localhost:5175/src/App.jsx:169:21)
    at ErrorBoundary (http://localhost:5175/src/components/common/ErrorBoundary.jsx:17:5)
    at App @ http://localhost:5175/node_modules/.vite/deps/chunk-NHL3PYFL.js?v=a622341a:528
[  137935ms] [ERROR] Warning: Encountered two children with the same key, `%s`. Keys should be unique so that components maintain their identity across updates. Non-unique keys may cause children to be duplicated and/or omitted — the behavior is unsupported and could change in a future version.%s window-4 
    at div
    at http://localhost:5175/node_modules/.vite/deps/chunk-DDWCRPED.js?v=a622341a:3702:49
    at Box3 (http://localhost:5175/node_modules/.vite/deps/chunk-2IQD2QLW.js?v=a622341a:762:19)
    at div
    at http://localhost:5175/node_modules/.vite/deps/chunk-DDWCRPED.js?v=a622341a:3702:49
    at Box3 (http://localhost:5175/node_modules/.vite/deps/chunk-2IQD2QLW.js?v=a622341a:762:19)
    at div
    at http://localhost:5175/node_modules/.vite/deps/chunk-DDWCRPED.js?v=a622341a:3702:49
    at Box3 (http://localhost:5175/node_modules/.vite/deps/chunk-2IQD2QLW.js?v=a622341a:762:19)
    at div
    at http://localhost:5175/node_modules/.vite/deps/chunk-DDWCRPED.js?v=a622341a:3702:49
    at Box3 (http://localhost:5175/node_modules/.vite/deps/chunk-2IQD2QLW.js?v=a622341a:762:19)
    at div
    at http://localhost:5175/node_modules/.vite/deps/chunk-DDWCRPED.js?v=a622341a:3702:49
    at Box3 (http://localhost:5175/node_modules/.vite/deps/chunk-2IQD2QLW.js?v=a622341a:762:19)
    at PageLayout (http://localhost:5175/src/components/layout/PageLayout.jsx:32:3)
    at ImagesPage (http://localhost:5175/src/pages/ImagesPage.jsx?t=1772326351767:77:28)
    at ErrorBoundary (http://localhost:5175/src/components/common/ErrorBoundary.jsx:17:5)
    at div
    at http://localhost:5175/node_modules/.vite/deps/chunk-DDWCRPED.js?v=a622341a:3702:49
    at Box3 (http://localhost:5175/node_modules/.vite/deps/chunk-2IQD2QLW.js?v=a622341a:762:19)
    at main
    at http://localhost:5175/node_modules/.vite/deps/chunk-DDWCRPED.js?v=a622341a:3702:49
    at Box3 (http://localhost:5175/node_modules/.vite/deps/chunk-2IQD2QLW.js?v=a622341a:762:19)
    at div
    at http://localhost:5175/node_modules/.vite/deps/chunk-DDWCRPED.js?v=a622341a:3702:49
    at Box3 (http://localhost:5175/node_modules/.vite/deps/chunk-2IQD2QLW.js?v=a622341a:762:19)
    at AppLayout (http://localhost:5175/src/App.jsx:90:22)
    at RenderedRoute (http://localhost:5175/node_modules/.vite/deps/react-router-dom.js?v=a622341a:4154:5)
    at Routes (http://localhost:5175/node_modules/.vite/deps/react-router-dom.js?v=a622341a:4625:5)
    at Suspense
    at ErrorProvider (http://localhost:5175/src/components/common/ErrorProvider.jsx:29:33)
    at SnackbarProvider (http://localhost:5175/src/components/common/SnackbarProvider.jsx:21:36)
    at VoiceProvider (http://localhost:5175/src/contexts/VoiceContext.jsx:33:33)
    at LayoutProvider (http://localhost:5175/src/contexts/LayoutContext.jsx:60:34)
    at UnifiedProgressProvider (http://localhost:5175/src/contexts/UnifiedProgressContext.jsx:91:43)
    at Router (http://localhost:5175/node_modules/.vite/deps/react-router-dom.js?v=a622341a:4568:15)
    at BrowserRouter (http://localhost:5175/node_modules/.vite/deps/react-router-dom.js?v=a622341a:5317:5)
    at StatusProvider (http://localhost:5175/src/contexts/StatusContext.jsx:28:34)
    at DefaultPropsProvider (http://localhost:5175/node_modules/.vite/deps/chunk-DDWCRPED.js?v=a622341a:9373:3)
    at RtlProvider (http://localhost:5175/node_modules/.vite/deps/chunk-2IQD2QLW.js?v=a622341a:1180:5)
    at ThemeProvider (http://localhost:5175/node_modules/.vite/deps/chunk-2IQD2QLW.js?v=a622341a:1128:5)
    at ThemeProvider2 (http://localhost:5175/node_modules/.vite/deps/chunk-2IQD2QLW.js?v=a622341a:1272:5)
    at ThemeProvider (http://localhost:5175/node_modules/.vite/deps/chunk-RHXIQJG6.js?v=a622341a:313:12)
    at AppContainer (http://localhost:5175/src/App.jsx:169:21)
    at ErrorBoundary (http://localhost:5175/src/components/common/ErrorBoundary.jsx:17:5)
    at App @ http://localhost:5175/node_modules/.vite/deps/chunk-NHL3PYFL.js?v=a622341a:528
[  180714ms] [ERROR] Warning: Encountered two children with the same key, `%s`. Keys should be unique so that components maintain their identity across updates. Non-unique keys may cause children to be duplicated and/or omitted — the behavior is unsupported and could change in a future version.%s window-4 
    at div
    at http://localhost:5175/node_modules/.vite/deps/chunk-DDWCRPED.js?v=a622341a:3702:49
    at Box3 (http://localhost:5175/node_modules/.vite/deps/chunk-2IQD2QLW.js?v=a622341a:762:19)
    at div
    at http://localhost:5175/node_modules/.vite/deps/chunk-DDWCRPED.js?v=a622341a:3702:49
    at Box3 (http://localhost:5175/node_modules/.vite/deps/chunk-2IQD2QLW.js?v=a622341a:762:19)
    at div
    at http://localhost:5175/node_modules/.vite/deps/chunk-DDWCRPED.js?v=a622341a:3702:49
    at Box3 (http://localhost:5175/node_modules/.vite/deps/chunk-2IQD2QLW.js?v=a622341a:762:19)
    at div
    at http://localhost:5175/node_modules/.vite/deps/chunk-DDWCRPED.js?v=a622341a:3702:49
    at Box3 (http://localhost:5175/node_modules/.vite/deps/chunk-2IQD2QLW.js?v=a622341a:762:19)
    at div
    at http://localhost:5175/node_modules/.vite/deps/chunk-DDWCRPED.js?v=a622341a:3702:49
    at Box3 (http://localhost:5175/node_modules/.vite/deps/chunk-2IQD2QLW.js?v=a622341a:762:19)
    at PageLayout (http://localhost:5175/src/components/layout/PageLayout.jsx:32:3)
    at ImagesPage (http://localhost:5175/src/pages/ImagesPage.jsx?t=1772326570607:77:28)
    at ErrorBoundary (http://localhost:5175/src/components/common/ErrorBoundary.jsx:17:5)
    at div
    at http://localhost:5175/node_modules/.vite/deps/chunk-DDWCRPED.js?v=a622341a:3702:49
    at Box3 (http://localhost:5175/node_modules/.vite/deps/chunk-2IQD2QLW.js?v=a622341a:762:19)
    at main
    at http://localhost:5175/node_modules/.vite/deps/chunk-DDWCRPED.js?v=a622341a:3702:49
    at Box3 (http://localhost:5175/node_modules/.vite/deps/chunk-2IQD2QLW.js?v=a622341a:762:19)
    at div
    at http://localhost:5175/node_modules/.vite/deps/chunk-DDWCRPED.js?v=a622341a:3702:49
    at Box3 (http://localhost:5175/node_modules/.vite/deps/chunk-2IQD2QLW.js?v=a622341a:762:19)
    at AppLayout (http://localhost:5175/src/App.jsx:90:22)
    at RenderedRoute (http://localhost:5175/node_modules/.vite/deps/react-router-dom.js?v=a622341a:4154:5)
    at Routes (http://localhost:5175/node_modules/.vite/deps/react-router-dom.js?v=a622341a:4625:5)
    at Suspense
    at ErrorProvider (http://localhost:5175/src/components/common/ErrorProvider.jsx:29:33)
    at SnackbarProvider (http://localhost:5175/src/components/common/SnackbarProvider.jsx:21:36)
    at VoiceProvider (http://localhost:5175/src/contexts/VoiceContext.jsx:33:33)
    at LayoutProvider (http://localhost:5175/src/contexts/LayoutContext.jsx:60:34)
    at UnifiedProgressProvider (http://localhost:5175/src/contexts/UnifiedProgressContext.jsx:91:43)
    at Router (http://localhost:5175/node_modules/.vite/deps/react-router-dom.js?v=a622341a:4568:15)
    at BrowserRouter (http://localhost:5175/node_modules/.vite/deps/react-router-dom.js?v=a622341a:5317:5)
    at StatusProvider (http://localhost:5175/src/contexts/StatusContext.jsx:28:34)
    at DefaultPropsProvider (http://localhost:5175/node_modules/.vite/deps/chunk-DDWCRPED.js?v=a622341a:9373:3)
    at RtlProvider (http://localhost:5175/node_modules/.vite/deps/chunk-2IQD2QLW.js?v=a622341a:1180:5)
    at ThemeProvider (http://localhost:5175/node_modules/.vite/deps/chunk-2IQD2QLW.js?v=a622341a:1128:5)
    at ThemeProvider2 (http://localhost:5175/node_modules/.vite/deps/chunk-2IQD2QLW.js?v=a622341a:1272:5)
    at ThemeProvider (http://localhost:5175/node_modules/.vite/deps/chunk-RHXIQJG6.js?v=a622341a:313:12)
    at AppContainer (http://localhost:5175/src/App.jsx:169:21)
    at ErrorBoundary (http://localhost:5175/src/components/common/ErrorBoundary.jsx:17:5)
    at App @ http://localhost:5175/node_modules/.vite/deps/chunk-NHL3PYFL.js?v=a622341a:528
[  180727ms] [ERROR] Warning: Encountered two children with the same key, `%s`. Keys should be unique so that components maintain their identity across updates. Non-unique keys may cause children to be duplicated and/or omitted — the behavior is unsupported and could change in a future version.%s window-4 
    at div
    at http://localhost:5175/node_modules/.vite/deps/chunk-DDWCRPED.js?v=a622341a:3702:49
    at Box3 (http://localhost:5175/node_modules/.vite/deps/chunk-2IQD2QLW.js?v=a622341a:762:19)
    at div
    at http://localhost:5175/node_modules/.vite/deps/chunk-DDWCRPED.js?v=a622341a:3702:49
    at Box3 (http://localhost:5175/node_modules/.vite/deps/chunk-2IQD2QLW.js?v=a622341a:762:19)
    at div
    at http://localhost:5175/node_modules/.vite/deps/chunk-DDWCRPED.js?v=a622341a:3702:49
    at Box3 (http://localhost:5175/node_modules/.vite/deps/chunk-2IQD2QLW.js?v=a622341a:762:19)
    at div
    at http://localhost:5175/node_modules/.vite/deps/chunk-DDWCRPED.js?v=a622341a:3702:49
    at Box3 (http://localhost:5175/node_modules/.vite/deps/chunk-2IQD2QLW.js?v=a622341a:762:19)
    at div
    at http://localhost:5175/node_modules/.vite/deps/chunk-DDWCRPED.js?v=a622341a:3702:49
    at Box3 (http://localhost:5175/node_modules/.vite/deps/chunk-2IQD2QLW.js?v=a622341a:762:19)
    at PageLayout (http://localhost:5175/src/components/layout/PageLayout.jsx:32:3)
    at ImagesPage (http://localhost:5175/src/pages/ImagesPage.jsx?t=1772326570607:77:28)
    at ErrorBoundary (http://localhost:5175/src/components/common/ErrorBoundary.jsx:17:5)
    at div
    at http://localhost:5175/node_modules/.vite/deps/chunk-DDWCRPED.js?v=a622341a:3702:49
    at Box3 (http://localhost:5175/node_modules/.vite/deps/chunk-2IQD2QLW.js?v=a622341a:762:19)
    at main
    at http://localhost:5175/node_modules/.vite/deps/chunk-DDWCRPED.js?v=a622341a:3702:49
    at Box3 (http://localhost:5175/node_modules/.vite/deps/chunk-2IQD2QLW.js?v=a622341a:762:19)
    at div
    at http://localhost:5175/node_modules/.vite/deps/chunk-DDWCRPED.js?v=a622341a:3702:49
    at Box3 (http://localhost:5175/node_modules/.vite/deps/chunk-2IQD2QLW.js?v=a622341a:762:19)
    at AppLayout (http://localhost:5175/src/App.jsx:90:22)
    at RenderedRoute (http://localhost:5175/node_modules/.vite/deps/react-router-dom.js?v=a622341a:4154:5)
    at Routes (http://localhost:5175/node_modules/.vite/deps/react-router-dom.js?v=a622341a:4625:5)
    at Suspense
    at ErrorProvider (http://localhost:5175/src/components/common/ErrorProvider.jsx:29:33)
    at SnackbarProvider (http://localhost:5175/src/components/common/SnackbarProvider.jsx:21:36)
    at VoiceProvider (http://localhost:5175/src/contexts/VoiceContext.jsx:33:33)
    at LayoutProvider (http://localhost:5175/src/contexts/LayoutContext.jsx:60:34)
    at UnifiedProgressProvider (http://localhost:5175/src/contexts/UnifiedProgressContext.jsx:91:43)
    at Router (http://localhost:5175/node_modules/.vite/deps/react-router-dom.js?v=a622341a:4568:15)
    at BrowserRouter (http://localhost:5175/node_modules/.vite/deps/react-router-dom.js?v=a622341a:5317:5)
    at StatusProvider (http://localhost:5175/src/contexts/StatusContext.jsx:28:34)
    at DefaultPropsProvider (http://localhost:5175/node_modules/.vite/deps/chunk-DDWCRPED.js?v=a622341a:9373:3)
    at RtlProvider (http://localhost:5175/node_modules/.vite/deps/chunk-2IQD2QLW.js?v=a622341a:1180:5)
    at ThemeProvider (http://localhost:5175/node_modules/.vite/deps/chunk-2IQD2QLW.js?v=a622341a:1128:5)
    at ThemeProvider2 (http://localhost:5175/node_modules/.vite/deps/chunk-2IQD2QLW.js?v=a622341a:1272:5)
    at ThemeProvider (http://localhost:5175/node_modules/.vite/deps/chunk-RHXIQJG6.js?v=a622341a:313:12)
    at AppContainer (http://localhost:5175/src/App.jsx:169:21)
    at ErrorBoundary (http://localhost:5175/src/components/common/ErrorBoundary.jsx:17:5)
    at App @ http://localhost:5175/node_modules/.vite/deps/chunk-NHL3PYFL.js?v=a622341a:528
[  180739ms] [ERROR] Warning: Encountered two children with the same key, `%s`. Keys should be unique so that components maintain their identity across updates. Non-unique keys may cause children to be duplicated and/or omitted — the behavior is unsupported and could change in a future version.%s window-4 
    at div
    at http://localhost:5175/node_modules/.vite/deps/chunk-DDWCRPED.js?v=a622341a:3702:49
    at Box3 (http://localhost:5175/node_modules/.vite/deps/chunk-2IQD2QLW.js?v=a622341a:762:19)
    at div
    at http://localhost:5175/node_modules/.vite/deps/chunk-DDWCRPED.js?v=a622341a:3702:49
    at Box3 (http://localhost:5175/node_modules/.vite/deps/chunk-2IQD2QLW.js?v=a622341a:762:19)
    at div
    at http://localhost:5175/node_modules/.vite/deps/chunk-DDWCRPED.js?v=a622341a:3702:49
    at Box3 (http://localhost:5175/node_modules/.vite/deps/chunk-2IQD2QLW.js?v=a622341a:762:19)
    at div
    at http://localhost:5175/node_modules/.vite/deps/chunk-DDWCRPED.js?v=a622341a:3702:49
    at Box3 (http://localhost:5175/node_modules/.vite/deps/chunk-2IQD2QLW.js?v=a622341a:762:19)
    at div
    at http://localhost:5175/node_modules/.vite/deps/chunk-DDWCRPED.js?v=a622341a:3702:49
    at Box3 (http://localhost:5175/node_modules/.vite/deps/chunk-2IQD2QLW.js?v=a622341a:762:19)
    at PageLayout (http://localhost:5175/src/components/layout/PageLayout.jsx:32:3)
    at ImagesPage (http://localhost:5175/src/pages/ImagesPage.jsx?t=1772326570607:77:28)
    at ErrorBoundary (http://localhost:5175/src/components/common/ErrorBoundary.jsx:17:5)
    at div
    at http://localhost:5175/node_modules/.vite/deps/chunk-DDWCRPED.js?v=a622341a:3702:49
    at Box3 (http://localhost:5175/node_modules/.vite/deps/chunk-2IQD2QLW.js?v=a622341a:762:19)
    at main
    at http://localhost:5175/node_modules/.vite/deps/chunk-DDWCRPED.js?v=a622341a:3702:49
    at Box3 (http://localhost:5175/node_modules/.vite/deps/chunk-2IQD2QLW.js?v=a622341a:762:19)
    at div
    at http://localhost:5175/node_modules/.vite/deps/chunk-DDWCRPED.js?v=a622341a:3702:49
    at Box3 (http://localhost:5175/node_modules/.vite/deps/chunk-2IQD2QLW.js?v=a622341a:762:19)
    at AppLayout (http://localhost:5175/src/App.jsx:90:22)
    at RenderedRoute (http://localhost:5175/node_modules/.vite/deps/react-router-dom.js?v=a622341a:4154:5)
    at Routes (http://localhost:5175/node_modules/.vite/deps/react-router-dom.js?v=a622341a:4625:5)
    at Suspense
    at ErrorProvider (http://localhost:5175/src/components/common/ErrorProvider.jsx:29:33)
    at SnackbarProvider (http://localhost:5175/src/components/common/SnackbarProvider.jsx:21:36)
    at VoiceProvider (http://localhost:5175/src/contexts/VoiceContext.jsx:33:33)
    at LayoutProvider (http://localhost:5175/src/contexts/LayoutContext.jsx:60:34)
    at UnifiedProgressProvider (http://localhost:5175/src/contexts/UnifiedProgressContext.jsx:91:43)
    at Router (http://localhost:5175/node_modules/.vite/deps/react-router-dom.js?v=a622341a:4568:15)
    at BrowserRouter (http://localhost:5175/node_modules/.vite/deps/react-router-dom.js?v=a622341a:5317:5)
    at StatusProvider (http://localhost:5175/src/contexts/StatusContext.jsx:28:34)
    at DefaultPropsProvider (http://localhost:5175/node_modules/.vite/deps/chunk-DDWCRPED.js?v=a622341a:9373:3)
    at RtlProvider (http://localhost:5175/node_modules/.vite/deps/chunk-2IQD2QLW.js?v=a622341a:1180:5)
    at ThemeProvider (http://localhost:5175/node_modules/.vite/deps/chunk-2IQD2QLW.js?v=a622341a:1128:5)
    at ThemeProvider2 (http://localhost:5175/node_modules/.vite/deps/chunk-2IQD2QLW.js?v=a622341a:1272:5)
    at ThemeProvider (http://localhost:5175/node_modules/.vite/deps/chunk-RHXIQJG6.js?v=a622341a:313:12)
    at AppContainer (http://localhost:5175/src/App.jsx:169:21)
    at ErrorBoundary (http://localhost:5175/src/components/common/ErrorBoundary.jsx:17:5)
    at App @ http://localhost:5175/node_modules/.vite/deps/chunk-NHL3PYFL.js?v=a622341a:528
