[     346ms] [WARNING] DUPLICATE PREVENTION: Reusing existing process: mQX3E20xdCnIH1_RvT0oA @ http://localhost:5175/src/pages/ChatPage.jsx:83
[   17785ms] [WARNING] Message queue cpTzyrjwDI4RyXAym6jyT not found, creating new queue @ http://localhost:5175/src/utils/resource_manager.js:350
[  863955ms] [ERROR] WebSocket connection to 'ws://localhost:5175/socket.io/?EIO=4&transport=websocket' failed: Connection closed before receiving a handshake response @ http://localhost:5175/node_modules/.vite/deps/socket__io-client.js?v=a622341a:1128
[  866104ms] [ERROR] Failed to load resource: the server responded with a status of 500 (Internal Server Error) @ http://localhost:5175/socket.io/?EIO=4&transport=polling&t=pg10eop1:0
[  869638ms] [ERROR] Failed to load resource: the server responded with a status of 500 (Internal Server Error) @ http://localhost:5175/socket.io/?EIO=4&transport=polling&t=pg3qkbb4:0
[  870368ms] [ERROR] Failed to load resource: the server responded with a status of 500 (Internal Server Error) @ http://localhost:5175/api/scheduler/queue/summary:0
[  870369ms] [ERROR] TaskQueueIndicator: Failed to fetch queue summary: Error: HTTP 500
    at http://localhost:5175/src/components/layout/TaskQueueIndicator.jsx:66:15 @ http://localhost:5175/src/components/layout/TaskQueueIndicator.jsx:74
[  871629ms] [ERROR] Failed to load resource: net::ERR_CONNECTION_REFUSED @ http://localhost:5175/:0
[  872631ms] [ERROR] Failed to load resource: net::ERR_CONNECTION_REFUSED @ http://localhost:5175/:0
[  873632ms] [ERROR] Failed to load resource: net::ERR_CONNECTION_REFUSED @ http://localhost:5175/:0
[  874633ms] [ERROR] Failed to load resource: net::ERR_CONNECTION_REFUSED @ http://localhost:5175/:0
[  874639ms] [ERROR] Failed to load resource: net::ERR_CONNECTION_REFUSED @ http://localhost:5175/socket.io/?EIO=4&transport=polling&t=pg7ljmin:0
[  875634ms] [ERROR] Failed to load resource: net::ERR_CONNECTION_REFUSED @ http://localhost:5175/:0
[  876635ms] [ERROR] Failed to load resource: net::ERR_CONNECTION_REFUSED @ http://localhost:5175/:0
[  877636ms] [ERROR] Failed to load resource: net::ERR_CONNECTION_REFUSED @ http://localhost:5175/:0
[  878637ms] [ERROR] Failed to load resource: net::ERR_CONNECTION_REFUSED @ http://localhost:5175/:0
[  879638ms] [ERROR] Failed to load resource: net::ERR_CONNECTION_REFUSED @ http://localhost:5175/:0
[  879639ms] [ERROR] Failed to load resource: net::ERR_CONNECTION_REFUSED @ http://localhost:5175/socket.io/?EIO=4&transport=polling&t=pgbgfuo3:0
[  880640ms] [ERROR] Failed to load resource: net::ERR_CONNECTION_REFUSED @ http://localhost:5175/:0
[  881641ms] [ERROR] Failed to load resource: net::ERR_CONNECTION_REFUSED @ http://localhost:5175/:0
[  882642ms] [ERROR] Failed to load resource: net::ERR_CONNECTION_REFUSED @ http://localhost:5175/:0
[  883643ms] [ERROR] Failed to load resource: net::ERR_CONNECTION_REFUSED @ http://localhost:5175/:0
[  884644ms] [ERROR] Failed to load resource: net::ERR_CONNECTION_REFUSED @ http://localhost:5175/:0
[  885369ms] [ERROR] Failed to load resource: net::ERR_CONNECTION_REFUSED @ http://localhost:5175/api/scheduler/queue/summary:0
[  885369ms] [ERROR] TaskQueueIndicator: Failed to fetch queue summary: TypeError: Failed to fetch
    at http://localhost:5175/src/components/layout/TaskQueueIndicator.jsx:64:30
    at http://localhost:5175/src/components/layout/TaskQueueIndicator.jsx:83:52 @ http://localhost:5175/src/components/layout/TaskQueueIndicator.jsx:74
[  885645ms] [ERROR] Failed to load resource: net::ERR_CONNECTION_REFUSED @ http://localhost:5175/:0
[  887614ms] [WARNING] DUPLICATE PREVENTION: Reusing existing process: 6VT1tl3AtSP4vmr-m1vzY @ http://localhost:5175/src/pages/ChatPage.jsx:83
